This is LuaHBTeX, Version 1.22.0 (MiKTeX 25.4) (format=lualatex 2025.6.3)  3 JUN 2025 09:42
 restricted system commands enabled.
**awesome-cv.tex
(./awesome-cv.tex
LaTeX2e <2024-11-01> patch level 2
L3 programming layer <2025-04-29>
Lua module: luaotfload 2024-12-03 v3.29 Lua based OpenType font support
Lua module: lualibs 2023-07-13 v2.76 ConTeXt Lua standard libraries.
Lua module: lualibs-extended 2023-07-13 v2.76 ConTeXt Lua libraries -- extended 
collection.
luaotfload | conf : Root cache directory is "C:/Users/Q31835/AppData/Local/MiKTe
X/luatex-cache/generic/names".
luaotfload | init : Loading fontloader "fontloader-2023-12-28.lua" from kpse-res
olved path "C:/Users/Q31835/AppData/Local/Programs/MiKTeX/tex/luatex/luaotfload/
fontloader-2023-12-28.lua".
Lua-only attribute luaotfload@noligature = 1
luaotfload | init : Context OpenType loader version 3.134
Inserting `luaotfload.node_processor' in `pre_linebreak_filter'.
Inserting `luaotfload.node_processor' in `hpack_filter'.
Inserting `luaotfload.glyph_stream' in `glyph_stream_provider'.
Inserting `luaotfload.define_font' in `define_font'.
Lua-only attribute luaotfload_color_attribute = 2
luaotfload | conf : Root cache directory is "C:/Users/Q31835/AppData/Local/MiKTe
X/luatex-cache/generic/names".
Inserting `luaotfload.harf.strip_prefix' in `find_opentype_file'.
Inserting `luaotfload.harf.strip_prefix' in `find_truetype_file'.
Removing  `luaotfload.glyph_stream' from `glyph_stream_provider'.
Inserting `luaotfload.harf.glyphstream' in `glyph_stream_provider'.
Inserting `luaotfload.harf.finalize_vlist' in `post_linebreak_filter'.
Inserting `luaotfload.harf.finalize_hlist' in `hpack_filter'.
Inserting `luaotfload.cleanup_files' in `wrapup_run'.
Inserting `luaotfload.harf.finalize_unicode' in `finish_pdffile'.
Inserting `luaotfload.glyphinfo' in `glyph_info'.
Lua-only attribute luaotfload.letterspace_done = 3
Inserting `luaotfload.aux.set_sscale_dimens' in `luaotfload.patch_font'.
Inserting `luaotfload.aux.set_font_index' in `luaotfload.patch_font'.
Inserting `luaotfload.aux.patch_cambria_domh' in `luaotfload.patch_font'.
Inserting `luaotfload.aux.fixup_fontdata' in `luaotfload.patch_font_unsafe'.
Inserting `luaotfload.aux.set_capheight' in `luaotfload.patch_font'.
Inserting `luaotfload.aux.set_xheight' in `luaotfload.patch_font'.
Inserting `luaotfload.rewrite_fontname' in `luaotfload.patch_font'.
Inserting `tracingstacklevels' in `input_level_string'. (./awesome-source-cv.cl
s
Document Class: awesome-source-cv 2016/11/05 v1.6.1 Awesome Source CV Class
(C:/Users/Q31835/AppData/Local/Programs/MiKTeX/tex/latex/base/article.cls
Document Class: article 2024/06/29 v1.4n Standard LaTeX document class
(C:/Users/Q31835/AppData/Local/Programs/MiKTeX/tex/latex/base/size10.clo
File: size10.clo 2024/06/29 v1.4n Standard LaTeX file (size option)
luaotfload | db : Font names database loaded from C:/Users/Q31835/AppData/Local/
MiKTeX/luatex-cache/generic/names/luaotfload-names.luc.gz)
\c@part=\count270
\c@section=\count271
\c@subsection=\count272
\c@subsubsection=\count273
\c@paragraph=\count274
\c@subparagraph=\count275
\c@figure=\count276
\c@table=\count277
\abovecaptionskip=\skip49
\belowcaptionskip=\skip50
\bibindent=\dimen145
)
(C:/Users/Q31835/AppData/Local/Programs/MiKTeX/tex/generic/babel/babel.sty
Package: babel 2025/05/14 v25.9 The multilingual framework for pdfLaTeX, LuaLaT
eX and XeLaTeX

(C:/Users/Q31835/AppData/Local/Programs/MiKTeX/tex/generic/babel/luababel.def
\bbl@readstream=\read2
\l@afrikaans=\language2
Package babel Info: Non-standard hyphenation setup on input line 118.
\l@ancientgreek=\language3
\l@armenian=\language4
\l@assamese=\language5
\l@basque=\language6
\l@belarusian=\language7
\l@bengali=\language8
\l@bokmal=\language9
\l@bulgarian=\language10
\l@catalan=\language11
\l@churchslavonic=\language12
\l@classiclatin=\language13
\l@coptic=\language14
\l@croatian=\language15
\l@czech=\language16
\l@danish=\language17
\l@dutch=\language18
\l@esperanto=\language19
\l@estonian=\language20
\l@ethiopic=\language21
\l@finnish=\language22
\l@french=\language23
\l@friulan=\language24
\l@galician=\language25
\l@georgian=\language26
\l@german=\language27
\l@greek=\language28
\l@gujarati=\language29
\l@hindi=\language30
\l@hungarian=\language31
\l@icelandic=\language32
\l@indonesian=\language33
\l@interlingua=\language34
\l@irish=\language35
\l@italian=\language36
\l@kannada=\language37
\l@kurmanji=\language38
\l@latin=\language39
\l@latvian=\language40
\l@lithuanian=\language41
\l@liturgicallatin=\language42
\l@macedonian=\language43
\l@malayalam=\language44
\l@marathi=\language45
\l@mongolian=\language46
\l@mongolianlmc=\language47
\l@monogreek=\language48
\l@ngerman=\language49
\l@nynorsk=\language50
\l@occitan=\language51
\l@oriya=\language52
\l@pali=\language53
\l@panjabi=\language54
\l@piedmontese=\language55
\l@polish=\language56
\l@portuguese=\language57
\l@romanian=\language58
\l@romansh=\language59
\l@russian=\language60
\l@sanskrit=\language61
\l@serbian=\language62
\l@serbianc=\language63
\l@slovak=\language64
\l@slovenian=\language65
\l@spanish=\language66
\l@swedish=\language67
\l@swissgerman=\language68
\l@tamil=\language69
\l@telugu=\language70
\l@thai=\language71
\l@turkish=\language72
\l@turkmen=\language73
\l@ukenglish=\language74
\l@ukrainian=\language75
\l@uppersorbian=\language76
\l@usenglishmax=\language77
\l@welsh=\language78
\babelcatcodetablenum=\catcodetable14
\bbl@pattcodes=\catcodetable15
)
\babel@savecnt=\count278
\U@D=\dimen146
\l@unhyphenated=\language79

(C:/Users/Q31835/AppData/Local/Programs/MiKTeX/tex/generic/babel/luababel.def
\bbl@attr@locale=\attribute4
)
*************************************
* Local config file bblopts.cfg used
*
(C:/Users/Q31835/AppData/Local/Programs/MiKTeX/tex/latex/arabi/bblopts.cfg
File: bblopts.cfg 2005/09/08 v0.1 add Arabic and Farsi to "declared" options of
 babel
)
(C:/Users/Q31835/AppData/Local/Programs/MiKTeX/tex/generic/babel-french/frenchb
.ldf
Language: frenchb 2024-07-25 v3.6c French support from the babel system


Package babel-french Warning: Option `frenchb' for Babel is *deprecated*,
(babel-french)                it might be removed sooner or later. Please
(babel-french)                use `french' instead; reported on input line 35.


(C:/Users/Q31835/AppData/Local/Programs/MiKTeX/tex/generic/babel-french/french.
ldf
Language: french 2024-07-25 v3.6c French support from the babel system

(C:/Users/Q31835/AppData/Local/Programs/MiKTeX/tex/generic/babel/locale/fr/babe
l-french.tex
Package babel Info: Importing font and identification data for french
(babel)             from babel-fr.ini. Reported on input line 11.
)
Package babel Info: Hyphen rules for 'acadian' set to \l@french
(babel)             (\language23). Reported on input line 91.
Package babel Info: Hyphen rules for 'canadien' set to \l@french
(babel)             (\language23). Reported on input line 92.
\FB@stdchar=\count279
\FB@spacing=\attribute5
\FB@addDPspace=\attribute6
\FB@addGUILspace=\attribute7
\FB@ucsNBSP=\attribute8
\FB@dialect=\attribute9
Package french.ldf Info: No need for active punctuation characters
(french.ldf)             with this version of LuaTeX!
(french.ldf)             reported on input line 250.
\FBguill@level=\count280
\FBold@everypar=\toks17
\FB@Mht=\dimen147
\mc@charclass=\count281
\mc@charfam=\count282
\mc@charslot=\count283
\std@mcc=\count284
\dec@mcc=\count285
Inserting `frenchb.french_punctuation' in `kerning'.
\FB@parskip=\dimen148
\listindentFB=\dimen149
\descindentFB=\dimen150
\labelindentFB=\dimen151
\labelwidthFB=\dimen152
\leftmarginFB=\dimen153
\parindentFFN=\dimen154
\FBfnindent=\dimen155

(C:/Users/Q31835/AppData/Local/Programs/MiKTeX/tex/generic/hyph-utf8/loadhyph/l
oadhyph-fr.tex UTF-8 French hyphenation patterns
(C:/Users/Q31835/AppData/Local/Programs/MiKTeX/tex/generic/hyph-utf8/patterns/t
ex/hyph-fr.tex)
(C:/Users/Q31835/AppData/Local/Programs/MiKTeX/tex/generic/hyph-utf8/patterns/q
uote/hyph-quote-fr.tex)))))
(C:/Users/Q31835/AppData/Local/Programs/MiKTeX/tex/latex/carlisle/scalefnt.sty)
(C:/Users/Q31835/AppData/Local/Programs/MiKTeX/tex/lualatex/luainputenc/luainpu
tenc.sty
Package: luainputenc 2010/11/19 v0.973 inputenc package for LuaTeX

(C:/Users/Q31835/AppData/Local/Programs/MiKTeX/tex/generic/iftex/ifluatex.sty
Package: ifluatex 2019/10/25 v1.5 ifluatex legacy package. Use iftex instead.

(C:/Users/Q31835/AppData/Local/Programs/MiKTeX/tex/generic/iftex/iftex.sty
Package: iftex 2024/12/12 v1.0g TeX engine tests
))
(C:/Users/Q31835/AppData/Local/Programs/MiKTeX/tex/generic/iftex/ifxetex.sty
Package: ifxetex 2019/10/25 v0.7 ifxetex legacy package. Use iftex instead.
)
(C:/Users/Q31835/AppData/Local/Programs/MiKTeX/tex/luatex/luatexbase/luatexbase
.sty
Package: luatexbase 2015/10/04 v1.3 luatexbase interface to LuaTeX 

(C:/Users/Q31835/AppData/Local/Programs/MiKTeX/tex/luatex/ctablestack/ctablesta
ck.sty
Package: ctablestack 2015/10/01 v1.0 Catcode table stable support
\@catcodetablestackcnt=\count286
)
\CatcodeTableOther=\catcodetable16
\CatcodeTableExpl=\catcodetable17
)
Lua module: luainputenc 2010/05/10 v0.97 Lua simple inputenc package.
\inpenc@prehook=\toks18
\inpenc@posthook=\toks19

(C:/Users/Q31835/AppData/Local/Programs/MiKTeX/tex/lualatex/luainputenc/lutf8.d
ef
File: lutf8.def 2010/05/10 v0.97 UTF-8 support for luainputenc
Now handling font encoding OML ...
... no UTF-8 mapping file for font encoding OML
Now handling font encoding OMS ...
... processing UTF-8 mapping file for font encodingOMS
 (C:/Users/Q31835/AppData/Local/Programs/MiKTeX/tex/latex/base/omsenc.dfu
File: omsenc.dfu 2022/06/07 v1.3c UTF-8 support
)
Now handling font encoding OT1 ...
... processing UTF-8 mapping file for font encodingOT1

(C:/Users/Q31835/AppData/Local/Programs/MiKTeX/tex/latex/base/ot1enc.dfu
File: ot1enc.dfu 2022/06/07 v1.3c UTF-8 support
)
Now handling font encoding T1 ...
... processing UTF-8 mapping file for font encodingT1

(C:/Users/Q31835/AppData/Local/Programs/MiKTeX/tex/latex/base/t1enc.dfu
File: t1enc.dfu 2022/06/07 v1.3c UTF-8 support
)
Now handling font encoding TS1 ...
... processing UTF-8 mapping file for font encodingTS1

(C:/Users/Q31835/AppData/Local/Programs/MiKTeX/tex/latex/base/ts1enc.dfu
File: ts1enc.dfu 2022/06/07 v1.3c UTF-8 support
)
Now handling font encoding TU ...
... no UTF-8 mapping file for font encoding TU
Now handling font encoding OMX ...
... no UTF-8 mapping file for font encoding OMX
Now handling font encoding U ...
... no UTF-8 mapping file for font encoding U
))
(C:/Users/Q31835/AppData/Local/Programs/MiKTeX/tex/latex/fontspec/fontspec.sty
(C:/Users/Q31835/AppData/Local/Programs/MiKTeX/tex/latex/l3packages/xparse/xpar
se.sty
(C:/Users/Q31835/AppData/Local/Programs/MiKTeX/tex/latex/l3kernel/expl3.sty
Package: expl3 2025-04-29 L3 programming layer (loader) 

(C:/Users/Q31835/AppData/Local/Programs/MiKTeX/tex/latex/l3backend/l3backend-lu
atex.def
File: l3backend-luatex.def 2025-04-14 L3 backend support: PDF output (LuaTeX)
\l__color_backend_stack_int=\count287
Inserting `l3color' in `luaotfload.parse_color'.))
Package: xparse 2024-08-16 L3 Experimental document command parser
)
Package: fontspec 2024/05/11 v2.9e Font selection for XeLaTeX and LuaLaTeX
Lua module: fontspec 2024/05/11 v2.9e Font selection for XeLaTeX and LuaLaTeX
(C:/Users/Q31835/AppData/Local/Programs/MiKTeX/tex/latex/fontspec/fontspec-luat
ex.sty
Package: fontspec-luatex 2024/05/11 v2.9e Font selection for XeLaTeX and LuaLaT
eX
\l__fontspec_script_int=\count288
\l__fontspec_language_int=\count289
\l__fontspec_strnum_int=\count290
\l__fontspec_tmp_int=\count291
\l__fontspec_tmpa_int=\count292
\l__fontspec_tmpb_int=\count293
\l__fontspec_tmpc_int=\count294
\l__fontspec_em_int=\count295
\l__fontspec_emdef_int=\count296
\l__fontspec_strong_int=\count297
\l__fontspec_strongdef_int=\count298
\l__fontspec_tmpa_dim=\dimen156
\l__fontspec_tmpb_dim=\dimen157
\l__fontspec_tmpc_dim=\dimen158

(C:/Users/Q31835/AppData/Local/Programs/MiKTeX/tex/latex/base/fontenc.sty
Package: fontenc 2021/04/29 v2.0v Standard LaTeX package
)
(C:/Users/Q31835/AppData/Local/Programs/MiKTeX/tex/latex/fontspec/fontspec.cfg))
) (C:/Users/Q31835/AppData/Local/Programs/MiKTeX/tex/latex/url/url.sty
\Urlmuskip=\muskip17
Package: url 2013/09/16  ver 3.4  Verb mode for urls, etc.
)
(C:/Users/Q31835/AppData/Local/Programs/MiKTeX/tex/latex/parskip/parskip.sty
Package: parskip 2021-03-14 v2.0h non-zero parskip adjustments

(C:/Users/Q31835/AppData/Local/Programs/MiKTeX/tex/latex/kvoptions/kvoptions.st
y
Package: kvoptions 2022-06-15 v3.15 Key value format for package options (HO)
 (C:/Users/Q31835/AppData/Local/Programs/MiKTeX/tex/latex/graphics/keyval.sty
Package: keyval 2022/05/29 v1.15 key=value parser (DPC)
\KV@toks@=\toks20
) (C:/Users/Q31835/AppData/Local/Programs/MiKTeX/tex/generic/ltxcmds/ltxcmds.st
y
Package: ltxcmds 2023-12-04 v1.26 LaTeX kernel commands for general use (HO)
)
(C:/Users/Q31835/AppData/Local/Programs/MiKTeX/tex/latex/kvsetkeys/kvsetkeys.st
y
Package: kvsetkeys 2022-10-05 v1.19 Key value parser (HO)
))
(C:/Users/Q31835/AppData/Local/Programs/MiKTeX/tex/latex/etoolbox/etoolbox.sty
Package: etoolbox 2025/02/11 v2.5l e-TeX tools for LaTeX (JAW)
\etb@tempcnta=\count299
)) (C:/Users/Q31835/AppData/Local/Programs/MiKTeX/tex/latex/xcolor/xcolor.sty
Package: xcolor 2024/09/29 v3.02 LaTeX color extensions (UK)

(C:/Users/Q31835/AppData/Local/Programs/MiKTeX/tex/latex/graphics-cfg/color.cfg
File: color.cfg 2016/01/02 v1.6 sample color configuration
)

Package xcolor Warning: Package option `usenames' is obsolete and ignored on in
put line 265.

Package xcolor Info: Driver file: luatex.def on input line 274.

(C:/Users/Q31835/AppData/Local/Programs/MiKTeX/tex/latex/graphics-def/luatex.de
f
File: luatex.def 2024/04/13 v1.2e Graphics/color driver for luatex
)
(C:/Users/Q31835/AppData/Local/Programs/MiKTeX/tex/latex/graphics/mathcolor.ltx
)
Package xcolor Info: Model `cmy' substituted by `cmy0' on input line 1349.
Package xcolor Info: Model `hsb' substituted by `rgb' on input line 1353.
Package xcolor Info: Model `RGB' extended on input line 1365.
Package xcolor Info: Model `HTML' substituted by `rgb' on input line 1367.
Package xcolor Info: Model `Hsb' substituted by `hsb' on input line 1368.
Package xcolor Info: Model `tHsb' substituted by `hsb' on input line 1369.
Package xcolor Info: Model `HSB' substituted by `hsb' on input line 1370.
Package xcolor Info: Model `Gray' substituted by `gray' on input line 1371.
Package xcolor Info: Model `wave' substituted by `hsb' on input line 1372.
)
(C:/Users/Q31835/AppData/Local/Programs/MiKTeX/tex/latex/graphics/dvipsnam.def
File: dvipsnam.def 2016/06/17 v3.0m Driver-dependent file (DPC,SPQR)
) (C:/Users/Q31835/AppData/Local/Programs/MiKTeX/tex/latex/preprint/fullpage.st
y
Package: fullpage 1999/02/23 1.1 (PWD)
\FP@margin=\skip51
)
(C:/Users/Q31835/AppData/Local/Programs/MiKTeX/tex/latex/geometry/geometry.sty
Package: geometry 2020/01/02 v5.9 Page Geometry

(C:/Users/Q31835/AppData/Local/Programs/MiKTeX/tex/generic/iftex/ifvtex.sty
Package: ifvtex 2019/10/25 v1.7 ifvtex legacy package. Use iftex instead.
)
\Gm@cnth=\count300
\Gm@cntv=\count301
\c@Gm@tempcnt=\count302
\Gm@bindingoffset=\dimen159
\Gm@wd@mp=\dimen160
\Gm@odd@mp=\dimen161
\Gm@even@mp=\dimen162
\Gm@layoutwidth=\dimen163
\Gm@layoutheight=\dimen164
\Gm@layouthoffset=\dimen165
\Gm@layoutvoffset=\dimen166
\Gm@dimlist=\toks21

(C:/Users/Q31835/AppData/Local/Programs/MiKTeX/tex/latex/geometry/geometry.cfg))
 (./fontawesome.sty
Package: fontawesome 2016/05/15 v4.6.3.1 font awesome icons
 (./fontawesomesymbols-generic.tex)
luaotfload | cache : Lookup cache loaded from C:/Users/Q31835/AppData/Local/MiKT
eX/luatex-cache/generic/names/luaotfload-lookup-cache.luc.

Package fontspec Info: 
(fontspec)             Could not resolve font "FontAwesome/BI" (it probably
(fontspec)             doesn't exist).


Package fontspec Info: 
(fontspec)             Could not resolve font "FontAwesome/B" (it probably
(fontspec)             doesn't exist).


Package fontspec Info: 
(fontspec)             Could not resolve font "FontAwesome/I" (it probably
(fontspec)             doesn't exist).


Package fontspec Info: 
(fontspec)             Font family 'FontAwesome(0)' created for font
(fontspec)             'FontAwesome' with options [].
(fontspec)              
(fontspec)              This font family consists of the following NFSS
(fontspec)             series/shapes:
(fontspec)              
(fontspec)             - 'normal' (m/n) with NFSS spec.:
(fontspec)             <->"name:FontAwesome:mode=node;language=dflt;"


(./fontawesomesymbols-xeluatex.tex))
(C:/Users/Q31835/AppData/Local/Programs/MiKTeX/tex/latex/hyperref/hyperref.sty
Package: hyperref 2025-05-20 v7.01m Hypertext links for LaTeX

(C:/Users/Q31835/AppData/Local/Programs/MiKTeX/tex/generic/kvdefinekeys/kvdefin
ekeys.sty
Package: kvdefinekeys 2019-12-19 v1.6 Define keys (HO)
)
(C:/Users/Q31835/AppData/Local/Programs/MiKTeX/tex/generic/pdfescape/pdfescape.
sty
Package: pdfescape 2019/12/09 v1.15 Implements pdfTeX's escape features (HO)

(C:/Users/Q31835/AppData/Local/Programs/MiKTeX/tex/generic/pdftexcmds/pdftexcmd
s.sty
Package: pdftexcmds 2020-06-27 v0.33 Utility functions of pdfTeX for LuaTeX (HO
)

(C:/Users/Q31835/AppData/Local/Programs/MiKTeX/tex/generic/infwarerr/infwarerr.
sty
Package: infwarerr 2019/12/03 v1.5 Providing info/warning/error messages (HO)
)
Package pdftexcmds Info: \pdf@primitive is available.
Package pdftexcmds Info: \pdf@ifprimitive is available.
Package pdftexcmds Info: \pdfdraftmode found.
\pdftexcmds@toks=\toks22
))
(C:/Users/Q31835/AppData/Local/Programs/MiKTeX/tex/latex/hycolor/hycolor.sty
Package: hycolor 2020-01-27 v1.10 Color options for hyperref/bookmark (HO)
)
(C:/Users/Q31835/AppData/Local/Programs/MiKTeX/tex/latex/hyperref/nameref.sty
Package: nameref 2023-11-26 v2.56 Cross-referencing by name of section

(C:/Users/Q31835/AppData/Local/Programs/MiKTeX/tex/latex/refcount/refcount.sty
Package: refcount 2019/12/15 v3.6 Data extraction from label references (HO)
)
(C:/Users/Q31835/AppData/Local/Programs/MiKTeX/tex/generic/gettitlestring/getti
tlestring.sty
Package: gettitlestring 2019/12/15 v1.6 Cleanup title references (HO)
)
\c@section@level=\count303
)
(C:/Users/Q31835/AppData/Local/Programs/MiKTeX/tex/generic/stringenc/stringenc.
sty
Package: stringenc 2019/11/29 v1.12 Convert strings between diff. encodings (HO
)
)
\@linkdim=\dimen167
\Hy@linkcounter=\count304
\Hy@pagecounter=\count305

(C:/Users/Q31835/AppData/Local/Programs/MiKTeX/tex/latex/hyperref/pd1enc.def
File: pd1enc.def 2025-05-20 v7.01m Hyperref: PDFDocEncoding definition (HO)
NowhandlingfontencodingPD1...
...noUTF-8mappingfileforfontencodingPD1
)
(C:/Users/Q31835/AppData/Local/Programs/MiKTeX/tex/generic/intcalc/intcalc.sty
Package: intcalc 2019/12/15 v1.3 Expandable calculations with integers (HO)
)
\Hy@SavedSpaceFactor=\count306
(C:/Users/Q31835/AppData/Local/Programs/MiKTeX/tex/latex/hyperref/puenc.def
File: puenc.def 2025-05-20 v7.01m Hyperref: PDF Unicode definition (HO)
NowhandlingfontencodingPU...
...noUTF-8mappingfileforfontencodingPU
)
Package hyperref Info: Hyper figures OFF on input line 4157.
Package hyperref Info: Link nesting OFF on input line 4162.
Package hyperref Info: Hyper index ON on input line 4165.
Package hyperref Info: Plain pages OFF on input line 4172.
Package hyperref Info: Backreferencing OFF on input line 4177.
Package hyperref Info: Implicit mode ON; LaTeX internals redefined.
Package hyperref Info: Bookmarks ON on input line 4424.
\c@Hy@tempcnt=\count307
LaTeX Info: Redefining \url on input line 4763.
\XeTeXLinkMargin=\dimen168

(C:/Users/Q31835/AppData/Local/Programs/MiKTeX/tex/generic/bitset/bitset.sty
Package: bitset 2019/12/09 v1.3 Handle bit-vector datatype (HO)

(C:/Users/Q31835/AppData/Local/Programs/MiKTeX/tex/generic/bigintcalc/bigintcal
c.sty
Package: bigintcalc 2019/12/15 v1.5 Expandable calculations on big integers (HO
)
))
\Fld@menulength=\count308
\Field@Width=\dimen169
\Fld@charsize=\dimen170
Package hyperref Info: Hyper figures OFF on input line 6042.
Package hyperref Info: Link nesting OFF on input line 6047.
Package hyperref Info: Hyper index ON on input line 6050.
Package hyperref Info: backreferencing OFF on input line 6057.
Package hyperref Info: Link coloring OFF on input line 6062.
Package hyperref Info: Link coloring with OCG OFF on input line 6067.
Package hyperref Info: PDF/A mode OFF on input line 6072.

(C:/Users/Q31835/AppData/Local/Programs/MiKTeX/tex/latex/base/atbegshi-ltx.sty
Package: atbegshi-ltx 2021/01/10 v1.0c Emulation of the original atbegshi
package with kernel methods
)
\Hy@abspage=\count309
\c@Item=\count310
\c@Hfootnote=\count311
)
Package hyperref Info: Driver (autodetected): hluatex.
 (C:/Users/Q31835/AppData/Local/Programs/MiKTeX/tex/latex/hyperref/hluatex.def
File: hluatex.def 2025-05-20 v7.01m Hyperref driver for luaTeX

(C:/Users/Q31835/AppData/Local/Programs/MiKTeX/tex/latex/base/atveryend-ltx.sty
Package: atveryend-ltx 2020/08/19 v1.0a Emulation of the original atveryend pac
kage
with kernel methods
)
\Fld@listcount=\count312
\c@bookmark@seq@number=\count313

(C:/Users/Q31835/AppData/Local/Programs/MiKTeX/tex/latex/rerunfilecheck/rerunfi
lecheck.sty
Package: rerunfilecheck 2022-07-10 v1.10 Rerun checks for auxiliary files (HO)

(C:/Users/Q31835/AppData/Local/Programs/MiKTeX/tex/generic/uniquecounter/unique
counter.sty
Package: uniquecounter 2019/12/15 v1.4 Provide unlimited unique counter (HO)
)
Package uniquecounter Info: New unique counter `rerunfilecheck' on input line 2
85.
)
\Hy@SectionHShift=\skip52
)
(C:/Users/Q31835/AppData/Local/Programs/MiKTeX/tex/latex/titlesec/titlesec.sty
Package: titlesec 2025/01/04 v2.17 Sectioning titles
\ttl@box=\box53
\beforetitleunit=\skip53
\aftertitleunit=\skip54
\ttl@plus=\dimen171
\ttl@minus=\dimen172
\ttl@toksa=\toks23
\titlewidth=\dimen173
\titlewidthlast=\dimen174
\titlewidthfirst=\dimen175
) (C:/Users/Q31835/AppData/Local/Programs/MiKTeX/tex/latex/tools/array.sty
Package: array 2024/10/17 v2.6g Tabular extension package (FMi)
\col@sep=\dimen176
\ar@mcellbox=\box54
\extrarowheight=\dimen177
\NC@list=\toks24
\extratabsurround=\skip55
\backup@length=\skip56
\ar@cellbox=\box55
)
(C:/Users/Q31835/AppData/Local/Programs/MiKTeX/tex/latex/enumitem/enumitem.sty
Package: enumitem 2025/02/06 v3.11 Customized lists
\labelindent=\skip57
\enit@outerparindent=\dimen178
\enit@toks=\toks25
\enit@inbox=\box56
\enit@count@id=\count314
\enitdp@description=\count315
) (C:/Users/Q31835/AppData/Local/Programs/MiKTeX/tex/latex/tools/longtable.sty
Package: longtable 2024-10-27 v4.22 Multi-page Table package (DPC)
\LTleft=\skip58
\LTright=\skip59
\LTpre=\skip60
\LTpost=\skip61
\LTchunksize=\count316
\LTcapwidth=\dimen179
\LT@head=\box57
\LT@firsthead=\box58
\LT@foot=\box59
\LT@lastfoot=\box60
\LT@gbox=\box61
\LT@cols=\count317
\LT@rows=\count318
\c@LT@tables=\count319
\c@LT@chunks=\count320
\LT@p@ftn=\toks26
)
(C:/Users/Q31835/AppData/Local/Programs/MiKTeX/tex/latex/pgf/frontendlayer/tikz
.sty
(C:/Users/Q31835/AppData/Local/Programs/MiKTeX/tex/latex/pgf/basiclayer/pgf.sty

(C:/Users/Q31835/AppData/Local/Programs/MiKTeX/tex/latex/pgf/utilities/pgfrcs.s
ty
(C:/Users/Q31835/AppData/Local/Programs/MiKTeX/tex/generic/pgf/utilities/pgfuti
l-common.tex
\pgfutil@everybye=\toks27
\pgfutil@tempdima=\dimen180
\pgfutil@tempdimb=\dimen181
)
(C:/Users/Q31835/AppData/Local/Programs/MiKTeX/tex/generic/pgf/utilities/pgfuti
l-latex.def
\pgfutil@abb=\box62
)
(C:/Users/Q31835/AppData/Local/Programs/MiKTeX/tex/generic/pgf/utilities/pgfrcs
.code.tex
(C:/Users/Q31835/AppData/Local/Programs/MiKTeX/tex/generic/pgf/pgf.revision.tex
)
Package: pgfrcs 2023-01-15 v3.1.10 (3.1.10)
))
Package: pgf 2023-01-15 v3.1.10 (3.1.10)

(C:/Users/Q31835/AppData/Local/Programs/MiKTeX/tex/latex/pgf/basiclayer/pgfcore
.sty
(C:/Users/Q31835/AppData/Local/Programs/MiKTeX/tex/latex/graphics/graphicx.sty
Package: graphicx 2021/09/16 v1.2d Enhanced LaTeX Graphics (DPC,SPQR)

(C:/Users/Q31835/AppData/Local/Programs/MiKTeX/tex/latex/graphics/graphics.sty
Package: graphics 2024/08/06 v1.4g Standard LaTeX Graphics (DPC,SPQR)

(C:/Users/Q31835/AppData/Local/Programs/MiKTeX/tex/latex/graphics/trig.sty
Package: trig 2023/12/02 v1.11 sin cos tan (DPC)
)
(C:/Users/Q31835/AppData/Local/Programs/MiKTeX/tex/latex/graphics-cfg/graphics.
cfg
File: graphics.cfg 2016/06/04 v1.11 sample graphics configuration
)
Package graphics Info: Driver file: luatex.def on input line 106.
)
\Gin@req@height=\dimen182
\Gin@req@width=\dimen183
)
(C:/Users/Q31835/AppData/Local/Programs/MiKTeX/tex/latex/pgf/systemlayer/pgfsys
.sty
(C:/Users/Q31835/AppData/Local/Programs/MiKTeX/tex/generic/pgf/systemlayer/pgfs
ys.code.tex
Package: pgfsys 2023-01-15 v3.1.10 (3.1.10)

(C:/Users/Q31835/AppData/Local/Programs/MiKTeX/tex/generic/pgf/utilities/pgfkey
s.code.tex
\pgfkeys@pathtoks=\toks28
\pgfkeys@temptoks=\toks29

(C:/Users/Q31835/AppData/Local/Programs/MiKTeX/tex/generic/pgf/utilities/pgfkey
slibraryfiltered.code.tex
\pgfkeys@tmptoks=\toks30
))
\pgf@x=\dimen184
\pgf@y=\dimen185
\pgf@xa=\dimen186
\pgf@ya=\dimen187
\pgf@xb=\dimen188
\pgf@yb=\dimen189
\pgf@xc=\dimen190
\pgf@yc=\dimen191
\pgf@xd=\dimen192
\pgf@yd=\dimen193
\w@pgf@writea=\write3
\r@pgf@reada=\read3
\c@pgf@counta=\count321
\c@pgf@countb=\count322
\c@pgf@countc=\count323
\c@pgf@countd=\count324
\t@pgf@toka=\toks31
\t@pgf@tokb=\toks32
\t@pgf@tokc=\toks33
\pgf@sys@id@count=\count325

(C:/Users/Q31835/AppData/Local/Programs/MiKTeX/tex/generic/pgf/systemlayer/pgf.
cfg
File: pgf.cfg 2023-01-15 v3.1.10 (3.1.10)
)
Driver file for pgf: pgfsys-luatex.def

(C:/Users/Q31835/AppData/Local/Programs/MiKTeX/tex/generic/pgf/systemlayer/pgfs
ys-luatex.def
File: pgfsys-luatex.def 2023-01-15 v3.1.10 (3.1.10)

(C:/Users/Q31835/AppData/Local/Programs/MiKTeX/tex/generic/pgf/systemlayer/pgfs
ys-common-pdf.def
File: pgfsys-common-pdf.def 2023-01-15 v3.1.10 (3.1.10)
)))
(C:/Users/Q31835/AppData/Local/Programs/MiKTeX/tex/generic/pgf/systemlayer/pgfs
yssoftpath.code.tex
File: pgfsyssoftpath.code.tex 2023-01-15 v3.1.10 (3.1.10)
\pgfsyssoftpath@smallbuffer@items=\count326
\pgfsyssoftpath@bigbuffer@items=\count327
)
(C:/Users/Q31835/AppData/Local/Programs/MiKTeX/tex/generic/pgf/systemlayer/pgfs
ysprotocol.code.tex
File: pgfsysprotocol.code.tex 2023-01-15 v3.1.10 (3.1.10)
))
(C:/Users/Q31835/AppData/Local/Programs/MiKTeX/tex/generic/pgf/basiclayer/pgfco
re.code.tex
Package: pgfcore 2023-01-15 v3.1.10 (3.1.10)

(C:/Users/Q31835/AppData/Local/Programs/MiKTeX/tex/generic/pgf/math/pgfmath.cod
e.tex
(C:/Users/Q31835/AppData/Local/Programs/MiKTeX/tex/generic/pgf/math/pgfmathutil
.code.tex)
(C:/Users/Q31835/AppData/Local/Programs/MiKTeX/tex/generic/pgf/math/pgfmathpars
er.code.tex
\pgfmath@dimen=\dimen194
\pgfmath@count=\count328
\pgfmath@box=\box63
\pgfmath@toks=\toks34
\pgfmath@stack@operand=\toks35
\pgfmath@stack@operation=\toks36
)
(C:/Users/Q31835/AppData/Local/Programs/MiKTeX/tex/generic/pgf/math/pgfmathfunc
tions.code.tex)
(C:/Users/Q31835/AppData/Local/Programs/MiKTeX/tex/generic/pgf/math/pgfmathfunc
tions.basic.code.tex)
(C:/Users/Q31835/AppData/Local/Programs/MiKTeX/tex/generic/pgf/math/pgfmathfunc
tions.trigonometric.code.tex)
(C:/Users/Q31835/AppData/Local/Programs/MiKTeX/tex/generic/pgf/math/pgfmathfunc
tions.random.code.tex)
(C:/Users/Q31835/AppData/Local/Programs/MiKTeX/tex/generic/pgf/math/pgfmathfunc
tions.comparison.code.tex)
(C:/Users/Q31835/AppData/Local/Programs/MiKTeX/tex/generic/pgf/math/pgfmathfunc
tions.base.code.tex)
(C:/Users/Q31835/AppData/Local/Programs/MiKTeX/tex/generic/pgf/math/pgfmathfunc
tions.round.code.tex)
(C:/Users/Q31835/AppData/Local/Programs/MiKTeX/tex/generic/pgf/math/pgfmathfunc
tions.misc.code.tex)
(C:/Users/Q31835/AppData/Local/Programs/MiKTeX/tex/generic/pgf/math/pgfmathfunc
tions.integerarithmetics.code.tex)
(C:/Users/Q31835/AppData/Local/Programs/MiKTeX/tex/generic/pgf/math/pgfmathcalc
.code.tex)
(C:/Users/Q31835/AppData/Local/Programs/MiKTeX/tex/generic/pgf/math/pgfmathfloa
t.code.tex
\c@pgfmathroundto@lastzeros=\count329
))
(C:/Users/Q31835/AppData/Local/Programs/MiKTeX/tex/generic/pgf/math/pgfint.code
.tex)
(C:/Users/Q31835/AppData/Local/Programs/MiKTeX/tex/generic/pgf/basiclayer/pgfco
repoints.code.tex
File: pgfcorepoints.code.tex 2023-01-15 v3.1.10 (3.1.10)
\pgf@picminx=\dimen195
\pgf@picmaxx=\dimen196
\pgf@picminy=\dimen197
\pgf@picmaxy=\dimen198
\pgf@pathminx=\dimen199
\pgf@pathmaxx=\dimen256
\pgf@pathminy=\dimen257
\pgf@pathmaxy=\dimen258
\pgf@xx=\dimen259
\pgf@xy=\dimen260
\pgf@yx=\dimen261
\pgf@yy=\dimen262
\pgf@zx=\dimen263
\pgf@zy=\dimen264
)
(C:/Users/Q31835/AppData/Local/Programs/MiKTeX/tex/generic/pgf/basiclayer/pgfco
repathconstruct.code.tex
File: pgfcorepathconstruct.code.tex 2023-01-15 v3.1.10 (3.1.10)
\pgf@path@lastx=\dimen265
\pgf@path@lasty=\dimen266
)
(C:/Users/Q31835/AppData/Local/Programs/MiKTeX/tex/generic/pgf/basiclayer/pgfco
repathusage.code.tex
File: pgfcorepathusage.code.tex 2023-01-15 v3.1.10 (3.1.10)
\pgf@shorten@end@additional=\dimen267
\pgf@shorten@start@additional=\dimen268
)
(C:/Users/Q31835/AppData/Local/Programs/MiKTeX/tex/generic/pgf/basiclayer/pgfco
rescopes.code.tex
File: pgfcorescopes.code.tex 2023-01-15 v3.1.10 (3.1.10)
\pgfpic=\box64
\pgf@hbox=\box65
\pgf@layerbox@main=\box66
\pgf@picture@serial@count=\count330
)
(C:/Users/Q31835/AppData/Local/Programs/MiKTeX/tex/generic/pgf/basiclayer/pgfco
regraphicstate.code.tex
File: pgfcoregraphicstate.code.tex 2023-01-15 v3.1.10 (3.1.10)
\pgflinewidth=\dimen269
)
(C:/Users/Q31835/AppData/Local/Programs/MiKTeX/tex/generic/pgf/basiclayer/pgfco
retransformations.code.tex
File: pgfcoretransformations.code.tex 2023-01-15 v3.1.10 (3.1.10)
\pgf@pt@x=\dimen270
\pgf@pt@y=\dimen271
\pgf@pt@temp=\dimen272
)
(C:/Users/Q31835/AppData/Local/Programs/MiKTeX/tex/generic/pgf/basiclayer/pgfco
requick.code.tex
File: pgfcorequick.code.tex 2023-01-15 v3.1.10 (3.1.10)
)
(C:/Users/Q31835/AppData/Local/Programs/MiKTeX/tex/generic/pgf/basiclayer/pgfco
reobjects.code.tex
File: pgfcoreobjects.code.tex 2023-01-15 v3.1.10 (3.1.10)
)
(C:/Users/Q31835/AppData/Local/Programs/MiKTeX/tex/generic/pgf/basiclayer/pgfco
repathprocessing.code.tex
File: pgfcorepathprocessing.code.tex 2023-01-15 v3.1.10 (3.1.10)
)
(C:/Users/Q31835/AppData/Local/Programs/MiKTeX/tex/generic/pgf/basiclayer/pgfco
rearrows.code.tex
File: pgfcorearrows.code.tex 2023-01-15 v3.1.10 (3.1.10)
\pgfarrowsep=\dimen273
)
(C:/Users/Q31835/AppData/Local/Programs/MiKTeX/tex/generic/pgf/basiclayer/pgfco
reshade.code.tex
File: pgfcoreshade.code.tex 2023-01-15 v3.1.10 (3.1.10)
\pgf@max=\dimen274
\pgf@sys@shading@range@num=\count331
\pgf@shadingcount=\count332
)
(C:/Users/Q31835/AppData/Local/Programs/MiKTeX/tex/generic/pgf/basiclayer/pgfco
reimage.code.tex
File: pgfcoreimage.code.tex 2023-01-15 v3.1.10 (3.1.10)
)
(C:/Users/Q31835/AppData/Local/Programs/MiKTeX/tex/generic/pgf/basiclayer/pgfco
reexternal.code.tex
File: pgfcoreexternal.code.tex 2023-01-15 v3.1.10 (3.1.10)
\pgfexternal@startupbox=\box67
)
(C:/Users/Q31835/AppData/Local/Programs/MiKTeX/tex/generic/pgf/basiclayer/pgfco
relayers.code.tex
File: pgfcorelayers.code.tex 2023-01-15 v3.1.10 (3.1.10)
)
(C:/Users/Q31835/AppData/Local/Programs/MiKTeX/tex/generic/pgf/basiclayer/pgfco
retransparency.code.tex
File: pgfcoretransparency.code.tex 2023-01-15 v3.1.10 (3.1.10)
)
(C:/Users/Q31835/AppData/Local/Programs/MiKTeX/tex/generic/pgf/basiclayer/pgfco
repatterns.code.tex
File: pgfcorepatterns.code.tex 2023-01-15 v3.1.10 (3.1.10)
)
(C:/Users/Q31835/AppData/Local/Programs/MiKTeX/tex/generic/pgf/basiclayer/pgfco
rerdf.code.tex
File: pgfcorerdf.code.tex 2023-01-15 v3.1.10 (3.1.10)
)))
(C:/Users/Q31835/AppData/Local/Programs/MiKTeX/tex/generic/pgf/modules/pgfmodul
eshapes.code.tex
File: pgfmoduleshapes.code.tex 2023-01-15 v3.1.10 (3.1.10)
\pgfnodeparttextbox=\box68
)
(C:/Users/Q31835/AppData/Local/Programs/MiKTeX/tex/generic/pgf/modules/pgfmodul
eplot.code.tex
File: pgfmoduleplot.code.tex 2023-01-15 v3.1.10 (3.1.10)
)
(C:/Users/Q31835/AppData/Local/Programs/MiKTeX/tex/latex/pgf/compatibility/pgfc
omp-version-0-65.sty
Package: pgfcomp-version-0-65 2023-01-15 v3.1.10 (3.1.10)
\pgf@nodesepstart=\dimen275
\pgf@nodesepend=\dimen276
)
(C:/Users/Q31835/AppData/Local/Programs/MiKTeX/tex/latex/pgf/compatibility/pgfc
omp-version-1-18.sty
Package: pgfcomp-version-1-18 2023-01-15 v3.1.10 (3.1.10)
))
(C:/Users/Q31835/AppData/Local/Programs/MiKTeX/tex/latex/pgf/utilities/pgffor.s
ty
(C:/Users/Q31835/AppData/Local/Programs/MiKTeX/tex/latex/pgf/utilities/pgfkeys.
sty
(C:/Users/Q31835/AppData/Local/Programs/MiKTeX/tex/generic/pgf/utilities/pgfkey
s.code.tex))
(C:/Users/Q31835/AppData/Local/Programs/MiKTeX/tex/latex/pgf/math/pgfmath.sty
(C:/Users/Q31835/AppData/Local/Programs/MiKTeX/tex/generic/pgf/math/pgfmath.cod
e.tex))
(C:/Users/Q31835/AppData/Local/Programs/MiKTeX/tex/generic/pgf/utilities/pgffor
.code.tex
Package: pgffor 2023-01-15 v3.1.10 (3.1.10)
\pgffor@iter=\dimen277
\pgffor@skip=\dimen278
\pgffor@stack=\toks37
\pgffor@toks=\toks38
))
(C:/Users/Q31835/AppData/Local/Programs/MiKTeX/tex/generic/pgf/frontendlayer/ti
kz/tikz.code.tex
Package: tikz 2023-01-15 v3.1.10 (3.1.10)

(C:/Users/Q31835/AppData/Local/Programs/MiKTeX/tex/generic/pgf/libraries/pgflib
raryplothandlers.code.tex
File: pgflibraryplothandlers.code.tex 2023-01-15 v3.1.10 (3.1.10)
\pgf@plot@mark@count=\count333
\pgfplotmarksize=\dimen279
)
\tikz@lastx=\dimen280
\tikz@lasty=\dimen281
\tikz@lastxsaved=\dimen282
\tikz@lastysaved=\dimen283
\tikz@lastmovetox=\dimen284
\tikz@lastmovetoy=\dimen285
\tikzleveldistance=\dimen286
\tikzsiblingdistance=\dimen287
\tikz@figbox=\box69
\tikz@figbox@bg=\box70
\tikz@tempbox=\box71
\tikz@tempbox@bg=\box72
\tikztreelevel=\count334
\tikznumberofchildren=\count335
\tikznumberofcurrentchild=\count336
\tikz@fig@count=\count337

(C:/Users/Q31835/AppData/Local/Programs/MiKTeX/tex/generic/pgf/modules/pgfmodul
ematrix.code.tex
File: pgfmodulematrix.code.tex 2023-01-15 v3.1.10 (3.1.10)
\pgfmatrixcurrentrow=\count338
\pgfmatrixcurrentcolumn=\count339
\pgf@matrix@numberofcolumns=\count340
)
\tikz@expandcount=\count341

(C:/Users/Q31835/AppData/Local/Programs/MiKTeX/tex/generic/pgf/frontendlayer/ti
kz/libraries/tikzlibrarytopaths.code.tex
File: tikzlibrarytopaths.code.tex 2023-01-15 v3.1.10 (3.1.10)
)))
(C:/Users/Q31835/AppData/Local/Programs/MiKTeX/tex/latex/tcolorbox/tcolorbox.st
y
Package: tcolorbox 2025/05/20 version 6.5.0 text color boxes
 (C:/Users/Q31835/AppData/Local/Programs/MiKTeX/tex/latex/tools/verbatim.sty
Package: verbatim 2024-01-22 v1.5x LaTeX2e package for verbatim enhancements
\every@verbatim=\toks39
\verbatim@line=\toks40
\verbatim@in@stream=\read4
)
(C:/Users/Q31835/AppData/Local/Programs/MiKTeX/tex/latex/environ/environ.sty
Package: environ 2014/05/04 v0.3 A new way to define environments

(C:/Users/Q31835/AppData/Local/Programs/MiKTeX/tex/latex/trimspaces/trimspaces.
sty
Package: trimspaces 2009/09/17 v1.1 Trim spaces around a token list
)
\@envbody=\toks41
)
\tcb@titlebox=\box73
\tcb@upperbox=\box74
\tcb@lowerbox=\box75
\tcb@phantombox=\box76
\c@tcbbreakpart=\count342
\c@tcblayer=\count343
\c@tcolorbox@number=\count344
\l__tcobox_tmpa_box=\box77
\l__tcobox_tmpa_dim=\dimen288
\tcb@temp=\box78
\tcb@temp=\box79
\tcb@temp=\box80
\tcb@temp=\box81

(C:/Users/Q31835/AppData/Local/Programs/MiKTeX/tex/latex/tcolorbox/tcbskins.cod
e.tex
Library (tcolorbox): 'tcbskins.code.tex' version '6.5.0'

(C:/Users/Q31835/AppData/Local/Programs/MiKTeX/tex/latex/tikzfill/tikzfill.imag
e.sty
Package: tikzfill.image 2023/08/08 v1.0.1 Image filling library for TikZ

(C:/Users/Q31835/AppData/Local/Programs/MiKTeX/tex/latex/tikzfill/tikzfill-comm
on.sty
Package: tikzfill-common 2023/08/08 v1.0.1 Auxiliary code for tikzfill
)
(C:/Users/Q31835/AppData/Local/Programs/MiKTeX/tex/latex/tikzfill/tikzlibraryfi
ll.image.code.tex
File: tikzlibraryfill.image.code.tex 2023/08/08 v1.0.1 Image filling library
\l__tikzfill_img_box=\box82
))
(C:/Users/Q31835/AppData/Local/Programs/MiKTeX/tex/latex/tcolorbox/tcbskinsjigs
aw.code.tex
Library (tcolorbox): 'tcbskinsjigsaw.code.tex' version '6.5.0'
)))
Package hyperref Info: Option `breaklinks' set `true' on input line 93.
luaotfload | db : Reload initiated (formats: otf,ttf,ttc); reason: File not foun
d: "fonts/FontAwesome".

Package fontspec Warning: 
(fontspec)                Input mapping not supported in LuaTeX.
(fontspec)                 Use "Ligatures=TeX" instead of "Mapping=tex-text".


Package fontspec Info: 
(fontspec)             Font family 'FontAwesome(1)' created for font
(fontspec)             'FontAwesome' with options
(fontspec)             [Mapping=tex-text,Path=fonts/].
(fontspec)              
(fontspec)              This font family consists of the following NFSS
(fontspec)             series/shapes:
(fontspec)              
(fontspec)             - 'normal' (m/n) with NFSS spec.:
(fontspec)             <->"[fonts/FontAwesome]:mode=node;language=dflt;+tlig;"


! LaTeX cmd Error: Command '\FA' already defined.

For immediate help type H <return>.
 ...                                              
                                                  
l.120 
      

You have used \NewDocumentCommand with a command that already has a
definition.

The existing definition of '\FA' will not be altered.



Package fontspec Warning: 
(fontspec)                Input mapping not supported in LuaTeX.
(fontspec)                 Use "Ligatures=TeX" instead of "Mapping=tex-text".


Package fontspec Info: 
(fontspec)             Font family 'SourceSansPro-Light(0)' created for font
(fontspec)             'SourceSansPro-Light' with options
(fontspec)             [Mapping=tex-text,Ligatures=TeX,Path = fonts/,BoldFont
(fontspec)             = SourceSansPro-Semibold,ItalicFont =
(fontspec)             SourceSansPro-LightIt,SmallCapsFont =
(fontspec)             SourceSansPro-Regular].
(fontspec)              
(fontspec)              This font family consists of the following NFSS
(fontspec)             series/shapes:
(fontspec)              
(fontspec)             - 'normal' (m/n) with NFSS spec.:
(fontspec)             <->"[fonts/SourceSansPro-Light]:mode=node;script=latn;la
nguage=dflt;+tlig;"
(fontspec)             - 'small caps'  (m/sc) with NFSS spec.:
(fontspec)             <->"[fonts/SourceSansPro-Regular]:mode=node;script=latn;
language=dflt;+tlig;"
(fontspec)             - 'bold' (b/n) with NFSS spec.:
(fontspec)             <->"[fonts/SourceSansPro-Semibold]:mode=node;script=latn
;language=dflt;+tlig;"
(fontspec)             - 'bold small caps'  (b/sc) with NFSS spec.:
(fontspec)             <->"[fonts/SourceSansPro-Regular]:mode=node;script=latn;
language=dflt;+tlig;"
(fontspec)             - 'italic' (m/it) with NFSS spec.:
(fontspec)             <->"[fonts/SourceSansPro-LightIt]:mode=node;script=latn;
language=dflt;+tlig;"
(fontspec)             - 'italic small caps'  (m/scit) with NFSS spec.:
(fontspec)             <->"[fonts/SourceSansPro-Regular]:mode=node;script=latn;
language=dflt;+tlig;"

\rightcolumnlength=\skip62
\leftcolumn=\skip63
)
(C:/Users/Q31835/AppData/Local/Programs/MiKTeX/tex/latex/multirow/multirow.sty
Package: multirow 2024/11/12 v2.9 Span multiple rows of a table
\multirow@colwidth=\skip64
\multirow@cntb=\count345
\multirow@dima=\skip65
\bigstrutjot=\dimen289
) (./awesome-cv.aux)
\openout1 = awesome-cv.aux

LaTeX Font Info:    Checking defaults for OML/cmm/m/it on input line 35.
LaTeX Font Info:    ... okay on input line 35.
LaTeX Font Info:    Checking defaults for OMS/cmsy/m/n on input line 35.
LaTeX Font Info:    ... okay on input line 35.
LaTeX Font Info:    Checking defaults for OT1/cmr/m/n on input line 35.
LaTeX Font Info:    ... okay on input line 35.
LaTeX Font Info:    Checking defaults for T1/cmr/m/n on input line 35.
LaTeX Font Info:    ... okay on input line 35.
LaTeX Font Info:    Checking defaults for TS1/cmr/m/n on input line 35.
LaTeX Font Info:    ... okay on input line 35.
LaTeX Font Info:    Checking defaults for TU/lmr/m/n on input line 35.
LaTeX Font Info:    ... okay on input line 35.
LaTeX Font Info:    Checking defaults for OMX/cmex/m/n on input line 35.
LaTeX Font Info:    ... okay on input line 35.
LaTeX Font Info:    Checking defaults for U/cmr/m/n on input line 35.
LaTeX Font Info:    ... okay on input line 35.
LaTeX Font Info:    Checking defaults for PD1/pdf/m/n on input line 35.
LaTeX Font Info:    ... okay on input line 35.
LaTeX Font Info:    Checking defaults for PU/pdf/m/n on input line 35.
LaTeX Font Info:    ... okay on input line 35.
Package french.ldf Info: Setting StandardItemizeEnv=true for
(french.ldf)             compatibility with enumitem package,
(french.ldf)             reported on input line 35.
Package french.ldf Info: Setting StandardEnumerateEnv=true for
(french.ldf)             compatibility with enumitem package,
(french.ldf)             reported on input line 35.
LaTeX Info: Redefining \up on input line 35.

Package fontspec Info: 
(fontspec)             Adjusting the maths setup (use [no-math] to avoid
(fontspec)             this).

\symlegacymaths=\mathgroup4
LaTeX Font Info:    Overwriting symbol font `legacymaths' in version `bold'
(Font)                  OT1/cmr/m/n --> OT1/cmr/bx/n on input line 35.
LaTeX Font Info:    Redeclaring math accent \acute on input line 35.
LaTeX Font Info:    Redeclaring math accent \grave on input line 35.
LaTeX Font Info:    Redeclaring math accent \ddot on input line 35.
LaTeX Font Info:    Redeclaring math accent \tilde on input line 35.
LaTeX Font Info:    Redeclaring math accent \bar on input line 35.
LaTeX Font Info:    Redeclaring math accent \breve on input line 35.
LaTeX Font Info:    Redeclaring math accent \check on input line 35.
LaTeX Font Info:    Redeclaring math accent \hat on input line 35.
LaTeX Font Info:    Redeclaring math accent \dot on input line 35.
LaTeX Font Info:    Redeclaring math accent \mathring on input line 35.
LaTeX Font Info:    Redeclaring math symbol \colon on input line 35.
LaTeX Font Info:    Redeclaring math symbol \Gamma on input line 35.
LaTeX Font Info:    Redeclaring math symbol \Delta on input line 35.
LaTeX Font Info:    Redeclaring math symbol \Theta on input line 35.
LaTeX Font Info:    Redeclaring math symbol \Lambda on input line 35.
LaTeX Font Info:    Redeclaring math symbol \Xi on input line 35.
LaTeX Font Info:    Redeclaring math symbol \Pi on input line 35.
LaTeX Font Info:    Redeclaring math symbol \Sigma on input line 35.
LaTeX Font Info:    Redeclaring math symbol \Upsilon on input line 35.
LaTeX Font Info:    Redeclaring math symbol \Phi on input line 35.
LaTeX Font Info:    Redeclaring math symbol \Psi on input line 35.
LaTeX Font Info:    Redeclaring math symbol \Omega on input line 35.
LaTeX Font Info:    Redeclaring math symbol \mathdollar on input line 35.
LaTeX Font Info:    Redeclaring symbol font `operators' on input line 35.
LaTeX Font Info:    Encoding `OT1' has changed to `TU' for symbol font
(Font)              `operators' in the math version `normal' on input line 35.
LaTeX Font Info:    Overwriting symbol font `operators' in version `normal'
(Font)                  OT1/cmr/m/n --> TU/SourceSansPro-Light(0)/m/n on input 
line 35.
LaTeX Font Info:    Encoding `OT1' has changed to `TU' for symbol font
(Font)              `operators' in the math version `bold' on input line 35.
LaTeX Font Info:    Overwriting symbol font `operators' in version `bold'
(Font)                  OT1/cmr/bx/n --> TU/SourceSansPro-Light(0)/m/n on input
 line 35.
LaTeX Font Info:    Overwriting symbol font `operators' in version `normal'
(Font)                  TU/SourceSansPro-Light(0)/m/n --> TU/SourceSansPro-Ligh
t(0)/m/n on input line 35.
LaTeX Font Info:    Overwriting math alphabet `\mathit' in version `normal'
(Font)                  OT1/cmr/m/it --> TU/SourceSansPro-Light(0)/m/it on inpu
t line 35.
LaTeX Font Info:    Overwriting math alphabet `\mathbf' in version `normal'
(Font)                  OT1/cmr/bx/n --> TU/SourceSansPro-Light(0)/b/n on input
 line 35.
LaTeX Font Info:    Overwriting math alphabet `\mathsf' in version `normal'
(Font)                  OT1/cmss/m/n --> TU/lmss/m/n on input line 35.
LaTeX Font Info:    Overwriting math alphabet `\mathtt' in version `normal'
(Font)                  OT1/cmtt/m/n --> TU/lmtt/m/n on input line 35.
LaTeX Font Info:    Overwriting symbol font `operators' in version `bold'
(Font)                  TU/SourceSansPro-Light(0)/m/n --> TU/SourceSansPro-Ligh
t(0)/b/n on input line 35.
LaTeX Font Info:    Overwriting math alphabet `\mathit' in version `bold'
(Font)                  OT1/cmr/bx/it --> TU/SourceSansPro-Light(0)/b/it on inp
ut line 35.
LaTeX Font Info:    Overwriting math alphabet `\mathsf' in version `bold'
(Font)                  OT1/cmss/bx/n --> TU/lmss/b/n on input line 35.
LaTeX Font Info:    Overwriting math alphabet `\mathtt' in version `bold'
(Font)                  OT1/cmtt/m/n --> TU/lmtt/b/n on input line 35.

(C:/Users/Q31835/AppData/Local/Programs/MiKTeX/tex/context/base/mkii/supp-pdf.m
kii
[Loading MPS to PDF converter (version 2006.09.02).]
\scratchcounter=\count346
\scratchdimen=\dimen290
\scratchbox=\box83
\nofMPsegments=\count347
\nofMParguments=\count348
\everyMPshowfont=\toks42
\MPscratchCnt=\count349
\MPscratchDim=\dimen291
\MPnumerator=\count350
\makeMPintoPDFobject=\count351
\everyMPtoPDFconversion=\toks43
)
(C:/Users/Q31835/AppData/Local/Programs/MiKTeX/tex/latex/epstopdf-pkg/epstopdf-
base.sty
Package: epstopdf-base 2020-01-24 v2.11 Base part for package epstopdf
Package epstopdf-base Info: Redefining graphics rule for `.eps' on input line 4
85.

(C:/Users/Q31835/AppData/Local/Programs/MiKTeX/tex/latex/00miktex/epstopdf-sys.
cfg
File: epstopdf-sys.cfg 2021/03/18 v2.0 Configuration of epstopdf for MiKTeX
))
*geometry* driver: auto-detecting
*geometry* detected driver: luatex
*geometry* verbose mode - [ preamble ] result:
* driver: luatex
* paper: <default>
* layout: <same size as paper>
* layoutoffset:(h,v)=(0.0pt,0.0pt)
* modes: 
* h-part:(L,W,R)=(42.67912pt, 512.14963pt, 42.67912pt)
* v-part:(T,H,B)=(42.67912pt, 759.6886pt, 42.67912pt)
* \paperwidth=597.50787pt
* \paperheight=845.04684pt
* \textwidth=512.14963pt
* \textheight=759.6886pt
* \oddsidemargin=-29.59087pt
* \evensidemargin=-29.59087pt
* \topmargin=-29.59087pt
* \headheight=0.0pt
* \headsep=0.0pt
* \topskip=10.0pt
* \footskip=30.0pt
* \marginparwidth=57.0pt
* \marginparsep=11.0pt
* \columnsep=10.0pt
* \skip\footins=9.0pt plus 4.0pt minus 2.0pt
* \hoffset=0.0pt
* \voffset=0.0pt
* \mag=1000
* \@twocolumnfalse
* \@twosidefalse
* \@mparswitchfalse
* \@reversemarginfalse
* (1in=72.27pt=25.4mm, 1cm=28.453pt)

Package hyperref Info: Link coloring OFF on input line 35.
(./awesome-cv.out) (./awesome-cv.out)
\@outlinefile=\write4

\openout4 = awesome-cv.out
<icon/bde.jpg, id=62, 513.92pt x 513.92pt>
File: icon/bde.jpg Graphic file (type jpg)
<use icon/bde.jpg>
Package luatex.def Info: icon/bde.jpg  used on input line 37.
(luatex.def)             Requested size: 7.22227pt x 7.22227pt.
<icon/scholar.jpg, id=65, 377.91188pt x 487.8225pt>
File: icon/scholar.jpg Graphic file (type jpg)
<use icon/scholar.jpg>
Package luatex.def Info: icon/scholar.jpg  used on input line 37.
(luatex.def)             Requested size: 7.22537pt x 7.22025pt.
<icon/orcid.jpg, id=68, 298.11375pt x 298.11375pt>
File: icon/orcid.jpg Graphic file (type jpg)
<use icon/orcid.jpg>
Package luatex.def Info: icon/orcid.jpg  used on input line 37.
(luatex.def)             Requested size: 7.22356pt x 7.22356pt.
<icon/ideas.jpg, id=71, 90.3375pt x 120.45pt>
File: icon/ideas.jpg Graphic file (type jpg)
<use icon/ideas.jpg>
Package luatex.def Info: icon/ideas.jpg  used on input line 37.
(luatex.def)             Requested size: 7.22714pt x 7.22668pt.

warning  (file icon/ssrn.jpg) (readjpg): Bad Exif resolution 0dpi x 0dpi (zero o
r negative value of a signed integer)
<icon/ssrn.jpg, id=74, 135.50626pt x 135.50626pt>
File: icon/ssrn.jpg Graphic file (type jpg)
<use icon/ssrn.jpg>
Package luatex.def Info: icon/ssrn.jpg  used on input line 37.
(luatex.def)             Requested size: 7.22646pt x 7.22646pt.
<icon/webofscience.jpg, id=77, 150.5625pt x 150.5625pt>
File: icon/webofscience.jpg Graphic file (type jpg)
<use icon/webofscience.jpg>
Package luatex.def Info: icon/webofscience.jpg  used on input line 37.
(luatex.def)             Requested size: 7.2253pt x 7.2253pt.
LaTeX Font Info:    External font `cmex10' loaded for size
(Font)              <7> on input line 37.
LaTeX Font Info:    External font `cmex10' loaded for size
(Font)              <5> on input line 37.
<avatar.png, id=81, 602.25pt x 602.25pt>
File: avatar.png Graphic file (type png)
<use avatar.png>
Package luatex.def Info: avatar.png  used on input line 37.
(luatex.def)             Requested size: 71.13188pt x 71.12737pt.
(./section_interests.tex) (./section_affiliations.tex
File: icon/bde.jpg Graphic file (type jpg)
<use icon/bde.jpg>
Package luatex.def Info: icon/bde.jpg  used on input line 25.
(luatex.def)             Requested size: 7.22227pt x 7.22227pt.
<icon/ubse.jpg, id=87, 197.73875pt x 197.73875pt>
File: icon/ubse.jpg Graphic file (type jpg)
<use icon/ubse.jpg>
Package luatex.def Info: icon/ubse.jpg  used on input line 26.
(luatex.def)             Requested size: 7.2263pt x 7.2263pt.
)
(./section_references.tex
File: icon/ubse.jpg Graphic file (type jpg)
<use icon/ubse.jpg>
Package luatex.def Info: icon/ubse.jpg  used on input line 16.
(luatex.def)             Requested size: 6.50215pt x 6.50215pt.

warning  (file icon/cunef.jpg) (readjpg): Bad Exif resolution 0dpi x 0dpi (zero 
or negative value of a signed integer)
<icon/cunef.jpg, id=90, 150.5625pt x 150.5625pt>
File: icon/cunef.jpg Graphic file (type jpg)
<use icon/cunef.jpg>
Package luatex.def Info: icon/cunef.jpg  used on input line 16.
(luatex.def)             Requested size: 6.50392pt x 6.50392pt.
) (./section_education.tex
File: icon/ubse.jpg Graphic file (type jpg)
<use icon/ubse.jpg>
Package luatex.def Info: icon/ubse.jpg  used on input line 27.
(luatex.def)             Requested size: 28.90521pt x 28.90521pt.

Overfull \vbox (8.50525pt too high) detected at line 27
 []

<icon/unima.jpg, id=102, 150.5625pt x 150.5625pt>
File: icon/unima.jpg Graphic file (type jpg)
<use icon/unima.jpg>
Package luatex.def Info: icon/unima.jpg  used on input line 36.
(luatex.def)             Requested size: 28.90582pt x 28.90582pt.

Overfull \vbox (8.50586pt too high) detected at line 36
 []

<icon/uam.jpg, id=106, 150.5625pt x 150.5625pt>
File: icon/uam.jpg Graphic file (type jpg)
<use icon/uam.jpg>
Package luatex.def Info: icon/uam.jpg  used on input line 44.
(luatex.def)             Requested size: 28.90582pt x 28.90582pt.

Overfull \vbox (8.50586pt too high) detected at line 44
 []

) (./section_publications.tex
<icon/doi.jpg, id=115, 2055.68pt x 2055.68pt>
File: icon/doi.jpg Graphic file (type jpg)
<use icon/doi.jpg>
Package luatex.def Info: icon/doi.jpg  used on input line 19.
(luatex.def)             Requested size: 7.21443pt x 7.21443pt.
File: icon/scholar.jpg Graphic file (type jpg)
<use icon/scholar.jpg>
Package luatex.def Info: icon/scholar.jpg  used on input line 20.
(luatex.def)             Requested size: 7.22537pt x 7.22025pt.
<icon/wp.jpg, id=118, 169.38281pt x 169.38281pt>
File: icon/wp.jpg Graphic file (type jpg)
<use icon/wp.jpg>
Package luatex.def Info: icon/wp.jpg  used on input line 20.
(luatex.def)             Requested size: 7.22646pt x 7.22646pt.

Underfull \hbox (badness 10000) in paragraph at lines 18--22

 []


! LaTeX Error: \begin{document} ended by \end{footnotesize}.

See the LaTeX manual or LaTeX Companion for explanation.
Type  H <return>  for immediate help.
 ...                                              
                                                  
l.23 \end{itemize}\end{footnotesize}
                                    
Your command was ignored.
Type  I <command> <return>  to replace it with another command,
or  <return>  to continue without it.

! Extra \endgroup.
\end  ...end#1\endcsname \@checkend {#1}\endgroup 
                                                  \UseHook {env/#1/after}\if...
l.23 \end{itemize}\end{footnotesize}
                                    
Things are pretty mixed up, but I think the worst is over.

File: icon/doi.jpg Graphic file (type jpg)
<use icon/doi.jpg>
Package luatex.def Info: icon/doi.jpg  used on input line 27.
(luatex.def)             Requested size: 7.21443pt x 7.21443pt.
File: icon/scholar.jpg Graphic file (type jpg)
<use icon/scholar.jpg>
Package luatex.def Info: icon/scholar.jpg  used on input line 28.
(luatex.def)             Requested size: 7.22537pt x 7.22025pt.
File: icon/wp.jpg Graphic file (type jpg)
<use icon/wp.jpg>
Package luatex.def Info: icon/wp.jpg  used on input line 28.
(luatex.def)             Requested size: 7.22646pt x 7.22646pt.

Underfull \hbox (badness 10000) in paragraph at lines 26--34

 []



[1

{C:/Users/Q31835/AppData/Local/MiKTeX/fonts/map/pdftex/pdftex.map}<./icon/bde.jp
g><./icon/scholar.jpg><./icon/orcid.jpg><./icon/ideas.jpg><./icon/ssrn.jpg
warning  (readjpg): Bad Exif resolution 0dpi x 0dpi (zero or negative value of a
 signed integer)
><./icon/webofscience.jpg><./avatar.png><./icon/ubse.jpg><./icon/cunef.jpg
warning  (readjpg): Bad Exif resolution 0dpi x 0dpi (zero or negative value of a
 signed integer)
><./icon/unima.jpg><./icon/uam.jpg><./icon/doi.jpg><./icon/wp.jpg>]
<icon/youtube.png, id=152, 513.92pt x 513.92pt>
File: icon/youtube.png Graphic file (type png)
<use icon/youtube.png>
Package luatex.def Info: icon/youtube.png  used on input line 41.
(luatex.def)             Requested size: 7.22227pt x 7.22227pt.

Underfull \hbox (badness 10000) in paragraph at lines 40--48

 []

File: icon/scholar.jpg Graphic file (type jpg)
<use icon/scholar.jpg>
Package luatex.def Info: icon/scholar.jpg  used on input line 52.
(luatex.def)             Requested size: 7.22537pt x 7.22025pt.
<icon/esp.jpg, id=162, 108.405pt x 107.65219pt>
File: icon/esp.jpg Graphic file (type jpg)
<use icon/esp.jpg>
Package luatex.def Info: icon/esp.jpg  used on input line 52.
(luatex.def)             Requested size: 7.22687pt x 7.22595pt.
File: icon/scholar.jpg Graphic file (type jpg)
<use icon/scholar.jpg>
Package luatex.def Info: icon/scholar.jpg  used on input line 56.
(luatex.def)             Requested size: 7.22537pt x 7.22025pt.
File: icon/esp.jpg Graphic file (type jpg)
<use icon/esp.jpg>
Package luatex.def Info: icon/esp.jpg  used on input line 56.
(luatex.def)             Requested size: 7.22687pt x 7.22595pt.

Underfull \hbox (badness 10000) in paragraph at lines 55--62

 []

) (./section_academic_employment.tex
warning  (file icon/bdec.jpg) (readjpg): Bad Exif resolution 0dpi x 0dpi (zero o
r negative value of a signed integer)
<icon/bdec.jpg, id=172, 150.5625pt x 150.5625pt>
File: icon/bdec.jpg Graphic file (type jpg)
<use icon/bdec.jpg>
Package luatex.def Info: icon/bdec.jpg  used on input line 18.
(luatex.def)             Requested size: 28.90582pt x 28.90582pt.

Overfull \vbox (8.50586pt too high) detected at line 18
 []

File: icon/ubse.jpg Graphic file (type jpg)
<use icon/ubse.jpg>
Package luatex.def Info: icon/ubse.jpg  used on input line 25.
(luatex.def)             Requested size: 28.90521pt x 28.90521pt.

Overfull \vbox (8.50525pt too high) detected at line 25
 []

<icon/ifs.png, id=176, 209.78375pt x 209.78375pt>
File: icon/ifs.png Graphic file (type png)
<use icon/ifs.png>
Package luatex.def Info: icon/ifs.png  used on input line 32.
(luatex.def)             Requested size: 28.90536pt x 28.90536pt.

Overfull \vbox (8.5054pt too high) detected at line 32
 []

<icon/airef.jpg, id=182, 101.78873pt x 101.78873pt>
File: icon/airef.jpg Graphic file (type jpg)
<use icon/airef.jpg>
Package luatex.def Info: icon/airef.jpg  used on input line 39.
(luatex.def)             Requested size: 28.90756pt x 28.90756pt.

Overfull \vbox (8.5076pt too high) detected at line 39
 []

File: icon/cunef.jpg Graphic file (type jpg)
<use icon/cunef.jpg>
Package luatex.def Info: icon/cunef.jpg  used on input line 46.
(luatex.def)             Requested size: 28.90582pt x 28.90582pt.

Overfull \vbox (8.50586pt too high) detected at line 46
 []

File: icon/bdec.jpg Graphic file (type jpg)
<use icon/bdec.jpg>
Package luatex.def Info: icon/bdec.jpg  used on input line 53.
(luatex.def)             Requested size: 28.90582pt x 28.90582pt.

Overfull \vbox (8.50586pt too high) detected at line 53
 []

<icon/nera.jpg, id=189, 150.5625pt x 150.5625pt>
File: icon/nera.jpg Graphic file (type jpg)
<use icon/nera.jpg>
Package luatex.def Info: icon/nera.jpg  used on input line 60.
(luatex.def)             Requested size: 28.90582pt x 28.90582pt.

Overfull \vbox (8.50586pt too high) detected at line 60
 []


Overfull \hbox (4.48311pt too wide) in alignment at lines 14--64
 [][] 
 []

[2<./icon/youtube.png><./icon/esp.jpg><./icon/bdec.jpg
warning  (readjpg): Bad Exif resolution 0dpi x 0dpi (zero or negative value of a
 signed integer)
><./icon/ifs.png><./icon/airef.jpg>]) (./section_seminars.tex)
(./section_teaching.tex
<icon/ub.png, id=202, 220.825pt x 220.825pt>
File: icon/ub.png Graphic file (type png)
<use icon/ub.png>
Package luatex.def Info: icon/ub.png  used on input line 17.
(luatex.def)             Requested size: 6.50316pt x 6.50316pt.
File: icon/ub.png Graphic file (type png)
<use icon/ub.png>
Package luatex.def Info: icon/ub.png  used on input line 18.
(luatex.def)             Requested size: 6.50316pt x 6.50316pt.
) (./section_referee.tex
File: icon/doi.jpg Graphic file (type jpg)
<use icon/doi.jpg>
Package luatex.def Info: icon/doi.jpg  used on input line 13.
(luatex.def)             Requested size: 5.0501pt x 5.0501pt.
File: icon/doi.jpg Graphic file (type jpg)
<use icon/doi.jpg>
Package luatex.def Info: icon/doi.jpg  used on input line 14.
(luatex.def)             Requested size: 5.0501pt x 5.0501pt.
) (./section_awards.tex
LaTeX Font Info:    External font `cmex10' loaded for size
(Font)              <8> on input line 14.
LaTeX Font Info:    External font `cmex10' loaded for size
(Font)              <6> on input line 14.


! Package array Error:  Illegal pream-token (.80\textwidth ): `c' used.

See the array package documentation for explanation.
Type  H <return>  for immediate help.
 ...                                              
                                                  
l.14 \begin{tabular}{rl{.80\textwidth}}
                                       
Try typing  <return>  to proceed.
If that doesn't work, type  X <return>  to quit.

) (./section_computer.tex
<icon/stata.jpg, id=234, 149.05687pt x 149.05687pt>
File: icon/stata.jpg Graphic file (type jpg)
<use icon/stata.jpg>
Package luatex.def Info: icon/stata.jpg  used on input line 15.
(luatex.def)             Requested size: 10.83989pt x 10.83989pt.
<icon/matlab.jpg, id=235, 213.79875pt x 213.79875pt>
File: icon/matlab.jpg Graphic file (type jpg)
<use icon/matlab.jpg>
Package luatex.def Info: icon/matlab.jpg  used on input line 15.
(luatex.def)             Requested size: 10.83736pt x 10.83736pt.
<icon/r.jpg, id=236, 193.47281pt x 191.21437pt>
File: icon/r.jpg Graphic file (type jpg)
<use icon/r.jpg>
Package luatex.def Info: icon/r.jpg  used on input line 16.
(luatex.def)             Requested size: 10.83734pt x 10.83922pt.
<icon/python.jpg, id=237, 59.9841pt x 58.7796pt>
File: icon/python.jpg Graphic file (type jpg)
<use icon/python.jpg>
Package luatex.def Info: icon/python.jpg  used on input line 16.
(luatex.def)             Requested size: 10.83968pt x 10.83997pt.
<icon/julia.jpg, id=238, 281.05pt x 281.05pt>
File: icon/julia.jpg Graphic file (type jpg)
<use icon/julia.jpg>
Package luatex.def Info: icon/julia.jpg  used on input line 17.
(luatex.def)             Requested size: 10.83696pt x 10.83696pt.
<icon/fortran.jpg, id=239, 1204.5pt x 1204.5pt>
File: icon/fortran.jpg Graphic file (type jpg)
<use icon/fortran.jpg>
Package luatex.def Info: icon/fortran.jpg  used on input line 17.
(luatex.def)             Requested size: 10.82532pt x 10.82532pt.
<icon/euromod.jpg, id=240, 225.84375pt x 225.84375pt>
File: icon/euromod.jpg Graphic file (type jpg)
<use icon/euromod.jpg>
Package luatex.def Info: icon/euromod.jpg  used on input line 18.
(luatex.def)             Requested size: 10.83795pt x 10.83795pt.

warning  (file icon/github.jpg) (readjpg): Exif resolution 105dpi x 105dpi diffe
rs from the input resolution 96dpi x 96dpi
<icon/github.jpg, id=241, 352.40228pt x 352.40228pt>
File: icon/github.jpg Graphic file (type jpg)
<use icon/github.jpg>
Package luatex.def Info: icon/github.jpg  used on input line 18.
(luatex.def)             Requested size: 10.83508pt x 10.83508pt.
<icon/htmlcss.png, id=242, 385.44pt x 385.44pt>
File: icon/htmlcss.png Graphic file (type png)
<use icon/htmlcss.png>
Package luatex.def Info: icon/htmlcss.png  used on input line 19.
(luatex.def)             Requested size: 10.8393pt x 10.8393pt.

warning  (file icon/vscode.jpg) (readjpg): Bad Exif resolution 0dpi x 0dpi (zero
 or negative value of a signed integer)
<icon/vscode.jpg, id=243, 308.65312pt x 308.65312pt>
File: icon/vscode.jpg Graphic file (type jpg)
<use icon/vscode.jpg>
Package luatex.def Info: icon/vscode.jpg  used on input line 19.
(luatex.def)             Requested size: 10.83693pt x 10.83693pt.
<icon/tex.jpg, id=244, 686.565pt x 704.6325pt>
File: icon/tex.jpg Graphic file (type jpg)
<use icon/tex.jpg>
Package luatex.def Info: icon/tex.jpg  used on input line 20.
(luatex.def)             Requested size: 10.8323pt x 10.83781pt.
<icon/powerbi.png, id=245, 48.18pt x 48.18pt>
File: icon/powerbi.png Graphic file (type png)
<use icon/powerbi.png>
Package luatex.def Info: icon/powerbi.png  used on input line 20.
(luatex.def)             Requested size: 10.84001pt x 10.84001pt.
) (./section_languages.tex) (./section_other_professional.tex
<icon/huercasa.jpg, id=247, 202.7575pt x 202.7575pt>
File: icon/huercasa.jpg Graphic file (type jpg)
<use icon/huercasa.jpg>
Package luatex.def Info: icon/huercasa.jpg  used on input line 18.
(luatex.def)             Requested size: 28.90561pt x 28.90561pt.

Overfull \vbox (12.75566pt too high) detected at line 18
 []

<icon/johndeere.jpg, id=249, 93.34875pt x 93.34875pt>
File: icon/johndeere.jpg Graphic file (type jpg)
<use icon/johndeere.jpg>
Package luatex.def Info: icon/johndeere.jpg  used on input line 25.
(luatex.def)             Requested size: 28.90646pt x 28.90646pt.

Overfull \vbox (12.75652pt too high) detected at line 25
 []

<icon/ms.jpg, id=251, 225.84375pt x 225.84375pt>
File: icon/ms.jpg Graphic file (type jpg)
<use icon/ms.jpg>
Package luatex.def Info: icon/ms.jpg  used on input line 32.
(luatex.def)             Requested size: 28.90582pt x 28.90582pt.

Overfull \vbox (12.75587pt too high) detected at line 32
 []


Overfull \hbox (4.48311pt too wide) in alignment at lines 14--37
 [][] 
 []

[3<./icon/nera.jpg><./icon/ub.png><./icon/stata.jpg><./icon/matlab.jpg><./icon/r
.jpg><./icon/python.jpg><./icon/julia.jpg><./icon/fortran.jpg><./icon/euromod.jp
g><./icon/github.jpg
warning  (readjpg): Exif resolution 105dpi x 105dpi differs from the input resol
ution 96dpi x 96dpi
><./icon/htmlcss.png><./icon/vscode.jpg
warning  (readjpg): Bad Exif resolution 0dpi x 0dpi (zero or negative value of a
 signed integer)
><./icon/tex.jpg><./icon/powerbi.png><./icon/huercasa.jpg>])

[4<./icon/johndeere.jpg><./icon/ms.jpg>] (./awesome-cv.aux)
 ***********
LaTeX2e <2024-11-01> patch level 2
L3 programming layer <2025-04-29>
 ***********
Package rerunfilecheck Info: File `awesome-cv.out' has not changed.
(rerunfilecheck)             Checksum: 26809EA9F96ED05F5929B703FA3511C4;1699.
)

Here is how much of LuaTeX's memory you used:
 31023 strings out of 471907
 156364,1144653 words of node,token memory allocated
 1425 words of node memory still in use:
   4 hlist, 1 vlist, 1 rule, 38 glue, 3 kern, 1 penalty, 2 glyph, 293 attribute,
 61 glue_spec, 43 attribute_list, 2 write, 4 pdf_action nodes
   avail lists: 1:3,2:9370,3:932,4:814,5:2010,6:178,7:12653,8:3,9:1839,10:20,11:
1015
 56685 multiletter control sequences out of 65536+600000
 64 fonts using 9098055 bytes
 117i,12n,117p,1198b,985s stack positions out of 10000i,1000n,20000p,200000b,200000s
<c:/users/q31835/appdata/local/programs/miktex/fonts/opentype/public/lm/lmmono8-
regular.otf><./fonts/SourceSansPro-LightIt.otf><./fonts/SourceSansPro-Regular.ot
f><C:/Users/Q31835/AppData/Local/Programs/MiKTeX/fonts/opentype/public/fontaweso
me/fontawesome.otf><./fonts/SourceSansPro-Semibold.otf><./fonts/SourceSansPro-Li
ght.otf>
Output written on awesome-cv.pdf (4 pages, 1441133 bytes).

PDF statistics: 318 PDF objects out of 1000 (max. 8388607)
 20 named destinations out of 1000 (max. 131072)
 120 words of extra memory for PDF output out of 10000 (max. 100000000)

