This is LuaHBTeX, Version 1.14.0 (MiKTeX 22.1) (format=lualatex 2022.2.14)  8 AUG 2023 00:06
 restricted system commands enabled.
**section_seminars.tex
(./section_seminars.tex
LaTeX2e <2021-11-15> patch level 1
Lua module: luaotfload 2021-05-21 3.18 Lua based OpenType font support
Lua module: lualibs 2021-05-20 2.74 ConTeXt Lua standard libraries.
Lua module: lualibs-extended 2021-05-20 2.74 ConTeXt Lua libraries -- extended c
ollection.
luaotfload | conf : Root cache directory is "C:/Users/dario/AppData/Local/MiKTeX
/luatex-cache/generic/names".
luaotfload | init : Loading fontloader "fontloader-2021-05-20.lua" from kpse-res
olved path "C:/Users/dario/AppData/Local/Programs/MiKTeX/tex/luatex/luaotfload/f
ontloader-2021-05-20.lua".
Lua-only attribute luaotfload@noligature = 1
Lua-only attribute luaotfload@syllabe = 2
luaotfload | init : Context OpenType loader version 3.116
Inserting `luaotfload.node_processor' at position 1 in `pre_linebreak_filter'.
Inserting `luaotfload.node_processor' at position 1 in `hpack_filter'.
Inserting `luaotfload.glyph_stream' at position 1 in `glyph_stream_provider'.
Inserting `luaotfload.define_font' at position 1 in `define_font'.
Lua-only attribute luaotfload_color_attribute = 3
luaotfload | conf : Root cache directory is "C:/Users/dario/AppData/Local/MiKTeX
/luatex-cache/generic/names".
Inserting `luaotfload.harf.strip_prefix' at position 1 in `find_opentype_file'.
Inserting `luaotfload.harf.strip_prefix' at position 1 in `find_truetype_file'.
Inserting `luaotfload.harf.finalize_vlist' at position 1 in `post_linebreak_filt
er'.
Inserting `luaotfload.harf.finalize_hlist' at position 2 in `hpack_filter'.
Inserting `luaotfload.cleanup_files' at position 1 in `wrapup_run'.
Inserting `luaotfload.harf.finalize_unicode' at position 1 in `finish_pdffile'.
Inserting `luaotfload.glyphinfo' at position 1 in `glyph_info'.
Lua-only attribute luaotfload.letterspace_done = 4
Inserting `luaotfload.aux.set_sscale_dimens' at position 1 in `luaotfload.patch_
font'.
Inserting `luaotfload.aux.set_font_index' at position 2 in `luaotfload.patch_fon
t'.
Inserting `luaotfload.aux.patch_cambria_domh' at position 3 in `luaotfload.patch
_font'.
Inserting `luaotfload.aux.fixup_fontdata' at position 1 in `luaotfload.patch_fon
t_unsafe'.
Inserting `luaotfload.aux.set_capheight' at position 4 in `luaotfload.patch_font
'.
Inserting `luaotfload.aux.set_xheight' at position 5 in `luaotfload.patch_font'.
Inserting `luaotfload.rewrite_fontname' at position 6 in `luaotfload.patch_font'
. L3 programming layer <2022-02-05>
Inserting `tracingstacklevels' at position 1 in `input_level_string'.
! Undefined control sequence.
l.9 \sectionTitle
               {Conferences, Seminars \& Workshops}{\faWechat \faFilePowerpo...
The control sequence at the end of the top line
of your error message was never \def'ed. If you have
misspelled it (e.g., `\hobx'), type `I' and the correct
spelling (e.g., `I\hbox'). Otherwise just continue,
and I'll forget about whatever was undefined.


! LaTeX Error: Missing \begin{document}.

See the LaTeX manual or LaTeX Companion for explanation.
Type  H <return>  for immediate help.
 ...                                              
                                                  
l.9 \sectionTitle{C
                 onferences, Seminars \& Workshops}{\faWechat \faFilePowerpo...
You're in trouble here.  Try typing  <return>  to proceed.
If that doesn't work, type  X <return>  to quit.

! Undefined control sequence.
l.9 ...Conferences, Seminars \& Workshops}{\faWechat
                                                   \faFilePowerpointO}
The control sequence at the end of the top line
of your error message was never \def'ed. If you have
misspelled it (e.g., `\hobx'), type `I' and the correct
spelling (e.g., `I\hbox'). Otherwise just continue,
and I'll forget about whatever was undefined.

! Undefined control sequence.
l.9 ...rs \& Workshops}{\faWechat \faFilePowerpointO
                                                  }
The control sequence at the end of the top line
of your error message was never \def'ed. If you have
misspelled it (e.g., `\hobx'), type `I' and the correct
spelling (e.g., `I\hbox'). Otherwise just continue,
and I'll forget about whatever was undefined.


Overfull \hbox (20.0pt too wide) in paragraph at lines 9--10
[]Conferences,
 []


! LaTeX Error: Missing \begin{document}.

See the LaTeX manual or LaTeX Companion for explanation.
Type  H <return>  for immediate help.
 ...                                              
                                                  
l.13 \textbf{Seminars as speaker}
                               
You're in trouble here.  Try typing  <return>  to proceed.
If that doesn't work, type  X <return>  to quit.

luaotfload | db : Font names database loaded from C:/Users/dario/AppData/Local/M
iKTeX/luatex-cache/generic/names/luaotfload-names.luc
Overfull \hbox (45.07pt too wide) in paragraph at lines 13--14
[]\TU/lmr/bx/n/10 Sem-
 []


Overfull \hbox (7.02pt too wide) in paragraph at lines 13--14
\TU/lmr/bx/n/10 i-
 []


Overfull \hbox (21.26pt too wide) in paragraph at lines 13--14
\TU/lmr/bx/n/10 nars
 []


Overfull \hbox (10.12999pt too wide) in paragraph at lines 13--14
\TU/lmr/bx/n/10 as
 []


Overfull \hbox (37.87001pt too wide) in paragraph at lines 13--14
\TU/lmr/bx/n/10 speaker 
 []


! LaTeX Error: Missing \begin{document}.

See the LaTeX manual or LaTeX Companion for explanation.
Type  H <return>  for immediate help.
 ...                                              
                                                  
l.15 \begin{tabular}
                  {rp{.90\textwidth}}
You're in trouble here.  Try typing  <return>  to proceed.
If that doesn't work, type  X <return>  to quit.

LaTeX Font Info:    External font `cmex10' loaded for size
(Font)              <7> on input line 15.
LaTeX Font Info:    External font `cmex10' loaded for size
(Font)              <5> on input line 15.
! Undefined control sequence.
l.16 ... Public Finance Workshop CUNEF, \faMapMarker
                                                   \hspace{0.5 mm} Madrid (S...
The control sequence at the end of the top line
of your error message was never \def'ed. If you have
misspelled it (e.g., `\hobx'), type `I' and the correct
spelling (e.g., `I\hbox'). Otherwise just continue,
and I'll forget about whatever was undefined.

! Undefined control sequence.
l.16 ...rker \hspace{0.5 mm} Madrid (Spain), \faMale
                                                   \hspace{0.5 mm} in-person...
The control sequence at the end of the top line
of your error message was never \def'ed. If you have
misspelled it (e.g., `\hobx'), type `I' and the correct
spelling (e.g., `I\hbox'). Otherwise just continue,
and I'll forget about whatever was undefined.

! Undefined control sequence.
l.16 ...), \faMale \hspace{0.5 mm} in-person. [\link
                                                  {https://serranopuente.eu/...
The control sequence at the end of the top line
of your error message was never \def'ed. If you have
misspelled it (e.g., `\hobx'), type `I' and the correct
spelling (e.g., `I\hbox'). Otherwise just continue,
and I'll forget about whatever was undefined.

! Missing $ inserted.
<inserted text> 
$
l.16 ...tps://serranopuente.eu/assets/docs/20220722_
                                                  Research_Plan_PhD_Presenta...
I've inserted a begin-math/end-math symbol since I think
you left one out. Proceed, with fingers crossed.

! Extra }, or forgotten $.
l.16 ...22_Research_Plan_PhD_Presentation_CUNEF.pdf}
                                                  {\faFilePdfO \hspace{1 mm}...
I've deleted a group-closing symbol because it seems to be
spurious, as in `$x}$'. But perhaps the } is legitimate and
you forgot something else, as in `\hbox{$x}'. In such cases
the way to recover is to insert both the forgotten and the
deleted material, e.g., by typing `I$}'.

! Undefined control sequence.
l.16 ...Plan_PhD_Presentation_CUNEF.pdf}{\faFilePdfO
                                                   \hspace{1 mm} Presentatio...
The control sequence at the end of the top line
of your error message was never \def'ed. If you have
misspelled it (e.g., `\hobx'), type `I' and the correct
spelling (e.g., `I\hbox'). Otherwise just continue,
and I'll forget about whatever was undefined.

! Missing } inserted.
<inserted text> 
}
l.17 	\textsc
           {2021}	& Banco de España Seminar Series, \faMapMarker \hspace{0....
I've put in what seems to be necessary to fix
the current column of the current alignment.
Try to go on, since this might almost work.

! Extra }, or forgotten $.
<inserted text> }
 
l.17 	\textsc
           {2021}	& Banco de España Seminar Series, \faMapMarker \hspace{0....
I've deleted a group-closing symbol because it seems to be
spurious, as in `$x}$'. But perhaps the } is legitimate and
you forgot something else, as in `\hbox{$x}'. In such cases
the way to recover is to insert both the forgotten and the
deleted material, e.g., by typing `I$}'.

! Missing } inserted.
<inserted text> 
}
l.17 	\textsc
           {2021}	& Banco de España Seminar Series, \faMapMarker \hspace{0....
I've put in what seems to be necessary to fix
the current column of the current alignment.
Try to go on, since this might almost work.

! Extra }, or forgotten $.
<inserted text> }
 
l.17 	\textsc
           {2021}	& Banco de España Seminar Series, \faMapMarker \hspace{0....
I've deleted a group-closing symbol because it seems to be
spurious, as in `$x}$'. But perhaps the } is legitimate and
you forgot something else, as in `\hbox{$x}'. In such cases
the way to recover is to insert both the forgotten and the
deleted material, e.g., by typing `I$}'.

! Missing } inserted.
<inserted text> 
}
l.17 	\textsc
           {2021}	& Banco de España Seminar Series, \faMapMarker \hspace{0....
I've put in what seems to be necessary to fix
the current column of the current alignment.
Try to go on, since this might almost work.

! Extra }, or forgotten $.
<inserted text> }
 
l.17 	\textsc
           {2021}	& Banco de España Seminar Series, \faMapMarker \hspace{0....
I've deleted a group-closing symbol because it seems to be
spurious, as in `$x}$'. But perhaps the } is legitimate and
you forgot something else, as in `\hbox{$x}'. In such cases
the way to recover is to insert both the forgotten and the
deleted material, e.g., by typing `I$}'.

! Missing } inserted.
<inserted text> 
}
l.17 	\textsc
           {2021}	& Banco de España Seminar Series, \faMapMarker \hspace{0....
I've put in what seems to be necessary to fix
the current column of the current alignment.
Try to go on, since this might almost work.

! Extra }, or forgotten $.
<inserted text> }
 
l.17 	\textsc
           {2021}	& Banco de España Seminar Series, \faMapMarker \hspace{0....
I've deleted a group-closing symbol because it seems to be
spurious, as in `$x}$'. But perhaps the } is legitimate and
you forgot something else, as in `\hbox{$x}'. In such cases
the way to recover is to insert both the forgotten and the
deleted material, e.g., by typing `I$}'.

! Missing } inserted.
<inserted text> 
}
l.17 	\textsc
           {2021}	& Banco de España Seminar Series, \faMapMarker \hspace{0....
I've put in what seems to be necessary to fix
the current column of the current alignment.
Try to go on, since this might almost work.

! Extra }, or forgotten $.
<inserted text> }
 
l.17 	\textsc
           {2021}	& Banco de España Seminar Series, \faMapMarker \hspace{0....
I've deleted a group-closing symbol because it seems to be
spurious, as in `$x}$'. But perhaps the } is legitimate and
you forgot something else, as in `\hbox{$x}'. In such cases
the way to recover is to insert both the forgotten and the
deleted material, e.g., by typing `I$}'.

! Missing } inserted.
<inserted text> 
}
l.17 	\textsc
           {2021}	& Banco de España Seminar Series, \faMapMarker \hspace{0....
I've put in what seems to be necessary to fix
the current column of the current alignment.
Try to go on, since this might almost work.

! Extra }, or forgotten $.
<inserted text> }
 
l.17 	\textsc
           {2021}	& Banco de España Seminar Series, \faMapMarker \hspace{0....
I've deleted a group-closing symbol because it seems to be
spurious, as in `$x}$'. But perhaps the } is legitimate and
you forgot something else, as in `\hbox{$x}'. In such cases
the way to recover is to insert both the forgotten and the
deleted material, e.g., by typing `I$}'.

! Missing } inserted.
<inserted text> 
}
l.17 	\textsc
           {2021}	& Banco de España Seminar Series, \faMapMarker \hspace{0....
I've put in what seems to be necessary to fix
the current column of the current alignment.
Try to go on, since this might almost work.

! Extra }, or forgotten $.
<inserted text> }
 
l.17 	\textsc
           {2021}	& Banco de España Seminar Series, \faMapMarker \hspace{0....
I've deleted a group-closing symbol because it seems to be
spurious, as in `$x}$'. But perhaps the } is legitimate and
you forgot something else, as in `\hbox{$x}'. In such cases
the way to recover is to insert both the forgotten and the
deleted material, e.g., by typing `I$}'.

! Missing } inserted.
<inserted text> 
}
l.17 	\textsc
           {2021}	& Banco de España Seminar Series, \faMapMarker \hspace{0....
I've put in what seems to be necessary to fix
the current column of the current alignment.
Try to go on, since this might almost work.

! Extra }, or forgotten $.
<inserted text> }
 
l.17 	\textsc
           {2021}	& Banco de España Seminar Series, \faMapMarker \hspace{0....
I've deleted a group-closing symbol because it seems to be
spurious, as in `$x}$'. But perhaps the } is legitimate and
you forgot something else, as in `\hbox{$x}'. In such cases
the way to recover is to insert both the forgotten and the
deleted material, e.g., by typing `I$}'.

! Missing } inserted.
<inserted text> 
}
l.17 	\textsc
           {2021}	& Banco de España Seminar Series, \faMapMarker \hspace{0....
I've put in what seems to be necessary to fix
the current column of the current alignment.
Try to go on, since this might almost work.

! Extra }, or forgotten $.
<inserted text> }
 
l.17 	\textsc
           {2021}	& Banco de España Seminar Series, \faMapMarker \hspace{0....
I've deleted a group-closing symbol because it seems to be
spurious, as in `$x}$'. But perhaps the } is legitimate and
you forgot something else, as in `\hbox{$x}'. In such cases
the way to recover is to insert both the forgotten and the
deleted material, e.g., by typing `I$}'.

! Missing } inserted.
<inserted text> 
}
l.17 	\textsc
           {2021}	& Banco de España Seminar Series, \faMapMarker \hspace{0....
I've put in what seems to be necessary to fix
the current column of the current alignment.
Try to go on, since this might almost work.

! Extra }, or forgotten $.
<inserted text> }
 
l.17 	\textsc
           {2021}	& Banco de España Seminar Series, \faMapMarker \hspace{0....
I've deleted a group-closing symbol because it seems to be
spurious, as in `$x}$'. But perhaps the } is legitimate and
you forgot something else, as in `\hbox{$x}'. In such cases
the way to recover is to insert both the forgotten and the
deleted material, e.g., by typing `I$}'.

! Missing } inserted.
<inserted text> 
}
l.17 	\textsc
           {2021}	& Banco de España Seminar Series, \faMapMarker \hspace{0....
I've put in what seems to be necessary to fix
the current column of the current alignment.
Try to go on, since this might almost work.

! Extra }, or forgotten $.
<inserted text> }
 
l.17 	\textsc
           {2021}	& Banco de España Seminar Series, \faMapMarker \hspace{0....
I've deleted a group-closing symbol because it seems to be
spurious, as in `$x}$'. But perhaps the } is legitimate and
you forgot something else, as in `\hbox{$x}'. In such cases
the way to recover is to insert both the forgotten and the
deleted material, e.g., by typing `I$}'.

! Missing } inserted.
<inserted text> 
}
l.17 	\textsc
           {2021}	& Banco de España Seminar Series, \faMapMarker \hspace{0....
I've put in what seems to be necessary to fix
the current column of the current alignment.
Try to go on, since this might almost work.

! Extra }, or forgotten $.
<inserted text> }
 
l.17 	\textsc
           {2021}	& Banco de España Seminar Series, \faMapMarker \hspace{0....
I've deleted a group-closing symbol because it seems to be
spurious, as in `$x}$'. But perhaps the } is legitimate and
you forgot something else, as in `\hbox{$x}'. In such cases
the way to recover is to insert both the forgotten and the
deleted material, e.g., by typing `I$}'.

! Missing } inserted.
<inserted text> 
}
l.17 	\textsc
           {2021}	& Banco de España Seminar Series, \faMapMarker \hspace{0....
I've put in what seems to be necessary to fix
the current column of the current alignment.
Try to go on, since this might almost work.

! Extra }, or forgotten $.
<inserted text> }
 
l.17 	\textsc
           {2021}	& Banco de España Seminar Series, \faMapMarker \hspace{0....
I've deleted a group-closing symbol because it seems to be
spurious, as in `$x}$'. But perhaps the } is legitimate and
you forgot something else, as in `\hbox{$x}'. In such cases
the way to recover is to insert both the forgotten and the
deleted material, e.g., by typing `I$}'.

! Missing } inserted.
<inserted text> 
}
l.17 	\textsc
           {2021}	& Banco de España Seminar Series, \faMapMarker \hspace{0....
I've put in what seems to be necessary to fix
the current column of the current alignment.
Try to go on, since this might almost work.

! Extra }, or forgotten $.
<inserted text> }
 
l.17 	\textsc
           {2021}	& Banco de España Seminar Series, \faMapMarker \hspace{0....
I've deleted a group-closing symbol because it seems to be
spurious, as in `$x}$'. But perhaps the } is legitimate and
you forgot something else, as in `\hbox{$x}'. In such cases
the way to recover is to insert both the forgotten and the
deleted material, e.g., by typing `I$}'.

! Missing } inserted.
<inserted text> 
}
l.17 	\textsc
           {2021}	& Banco de España Seminar Series, \faMapMarker \hspace{0....
I've put in what seems to be necessary to fix
the current column of the current alignment.
Try to go on, since this might almost work.

! Extra }, or forgotten $.
<inserted text> }
 
l.17 	\textsc
           {2021}	& Banco de España Seminar Series, \faMapMarker \hspace{0....
I've deleted a group-closing symbol because it seems to be
spurious, as in `$x}$'. But perhaps the } is legitimate and
you forgot something else, as in `\hbox{$x}'. In such cases
the way to recover is to insert both the forgotten and the
deleted material, e.g., by typing `I$}'.

! Missing } inserted.
<inserted text> 
}
l.17 	\textsc
           {2021}	& Banco de España Seminar Series, \faMapMarker \hspace{0....
I've put in what seems to be necessary to fix
the current column of the current alignment.
Try to go on, since this might almost work.

! Extra }, or forgotten $.
<inserted text> }
 
l.17 	\textsc
           {2021}	& Banco de España Seminar Series, \faMapMarker \hspace{0....
I've deleted a group-closing symbol because it seems to be
spurious, as in `$x}$'. But perhaps the } is legitimate and
you forgot something else, as in `\hbox{$x}'. In such cases
the way to recover is to insert both the forgotten and the
deleted material, e.g., by typing `I$}'.

! Missing } inserted.
<inserted text> 
}
l.17 	\textsc
           {2021}	& Banco de España Seminar Series, \faMapMarker \hspace{0....
I've put in what seems to be necessary to fix
the current column of the current alignment.
Try to go on, since this might almost work.

! Extra }, or forgotten $.
<inserted text> }
 
l.17 	\textsc
           {2021}	& Banco de España Seminar Series, \faMapMarker \hspace{0....
I've deleted a group-closing symbol because it seems to be
spurious, as in `$x}$'. But perhaps the } is legitimate and
you forgot something else, as in `\hbox{$x}'. In such cases
the way to recover is to insert both the forgotten and the
deleted material, e.g., by typing `I$}'.

! Missing } inserted.
<inserted text> 
}
l.17 	\textsc
           {2021}	& Banco de España Seminar Series, \faMapMarker \hspace{0....
I've put in what seems to be necessary to fix
the current column of the current alignment.
Try to go on, since this might almost work.

! Extra }, or forgotten $.
<inserted text> }
 
l.17 	\textsc
           {2021}	& Banco de España Seminar Series, \faMapMarker \hspace{0....
I've deleted a group-closing symbol because it seems to be
spurious, as in `$x}$'. But perhaps the } is legitimate and
you forgot something else, as in `\hbox{$x}'. In such cases
the way to recover is to insert both the forgotten and the
deleted material, e.g., by typing `I$}'.

! Missing } inserted.
<inserted text> 
}
l.17 	\textsc
           {2021}	& Banco de España Seminar Series, \faMapMarker \hspace{0....
I've put in what seems to be necessary to fix
the current column of the current alignment.
Try to go on, since this might almost work.

! Extra }, or forgotten $.
<inserted text> }
 
l.17 	\textsc
           {2021}	& Banco de España Seminar Series, \faMapMarker \hspace{0....
I've deleted a group-closing symbol because it seems to be
spurious, as in `$x}$'. But perhaps the } is legitimate and
you forgot something else, as in `\hbox{$x}'. In such cases
the way to recover is to insert both the forgotten and the
deleted material, e.g., by typing `I$}'.

! Missing } inserted.
<inserted text> 
}
l.17 	\textsc
           {2021}	& Banco de España Seminar Series, \faMapMarker \hspace{0....
I've put in what seems to be necessary to fix
the current column of the current alignment.
Try to go on, since this might almost work.

! Extra }, or forgotten $.
<inserted text> }
 
l.17 	\textsc
           {2021}	& Banco de España Seminar Series, \faMapMarker \hspace{0....
I've deleted a group-closing symbol because it seems to be
spurious, as in `$x}$'. But perhaps the } is legitimate and
you forgot something else, as in `\hbox{$x}'. In such cases
the way to recover is to insert both the forgotten and the
deleted material, e.g., by typing `I$}'.

! Missing } inserted.
<inserted text> 
}
l.17 	\textsc
           {2021}	& Banco de España Seminar Series, \faMapMarker \hspace{0....
I've put in what seems to be necessary to fix
the current column of the current alignment.
Try to go on, since this might almost work.

! Extra }, or forgotten $.
<inserted text> }
 
l.17 	\textsc
           {2021}	& Banco de España Seminar Series, \faMapMarker \hspace{0....
I've deleted a group-closing symbol because it seems to be
spurious, as in `$x}$'. But perhaps the } is legitimate and
you forgot something else, as in `\hbox{$x}'. In such cases
the way to recover is to insert both the forgotten and the
deleted material, e.g., by typing `I$}'.

! Missing } inserted.
<inserted text> 
}
l.17 	\textsc
           {2021}	& Banco de España Seminar Series, \faMapMarker \hspace{0....
I've put in what seems to be necessary to fix
the current column of the current alignment.
Try to go on, since this might almost work.

! Extra }, or forgotten $.
<inserted text> }
 
l.17 	\textsc
           {2021}	& Banco de España Seminar Series, \faMapMarker \hspace{0....
I've deleted a group-closing symbol because it seems to be
spurious, as in `$x}$'. But perhaps the } is legitimate and
you forgot something else, as in `\hbox{$x}'. In such cases
the way to recover is to insert both the forgotten and the
deleted material, e.g., by typing `I$}'.

! Missing } inserted.
<inserted text> 
}
l.17 	\textsc
           {2021}	& Banco de España Seminar Series, \faMapMarker \hspace{0....
I've put in what seems to be necessary to fix
the current column of the current alignment.
Try to go on, since this might almost work.

! Extra }, or forgotten $.
<inserted text> }
 
l.17 	\textsc
           {2021}	& Banco de España Seminar Series, \faMapMarker \hspace{0....
I've deleted a group-closing symbol because it seems to be
spurious, as in `$x}$'. But perhaps the } is legitimate and
you forgot something else, as in `\hbox{$x}'. In such cases
the way to recover is to insert both the forgotten and the
deleted material, e.g., by typing `I$}'.

! Missing } inserted.
<inserted text> 
}
l.17 	\textsc
           {2021}	& Banco de España Seminar Series, \faMapMarker \hspace{0....
I've put in what seems to be necessary to fix
the current column of the current alignment.
Try to go on, since this might almost work.

! Extra }, or forgotten $.
<inserted text> }
 
l.17 	\textsc
           {2021}	& Banco de España Seminar Series, \faMapMarker \hspace{0....
I've deleted a group-closing symbol because it seems to be
spurious, as in `$x}$'. But perhaps the } is legitimate and
you forgot something else, as in `\hbox{$x}'. In such cases
the way to recover is to insert both the forgotten and the
deleted material, e.g., by typing `I$}'.

! Missing } inserted.
<inserted text> 
}
l.17 	\textsc
           {2021}	& Banco de España Seminar Series, \faMapMarker \hspace{0....
I've put in what seems to be necessary to fix
the current column of the current alignment.
Try to go on, since this might almost work.

! Extra }, or forgotten $.
<inserted text> }
 
l.17 	\textsc
           {2021}	& Banco de España Seminar Series, \faMapMarker \hspace{0....
I've deleted a group-closing symbol because it seems to be
spurious, as in `$x}$'. But perhaps the } is legitimate and
you forgot something else, as in `\hbox{$x}'. In such cases
the way to recover is to insert both the forgotten and the
deleted material, e.g., by typing `I$}'.

! Missing } inserted.
<inserted text> 
}
l.17 	\textsc
           {2021}	& Banco de España Seminar Series, \faMapMarker \hspace{0....
I've put in what seems to be necessary to fix
the current column of the current alignment.
Try to go on, since this might almost work.

! Extra }, or forgotten $.
<inserted text> }
 
l.17 	\textsc
           {2021}	& Banco de España Seminar Series, \faMapMarker \hspace{0....
I've deleted a group-closing symbol because it seems to be
spurious, as in `$x}$'. But perhaps the } is legitimate and
you forgot something else, as in `\hbox{$x}'. In such cases
the way to recover is to insert both the forgotten and the
deleted material, e.g., by typing `I$}'.

! Missing } inserted.
<inserted text> 
}
l.17 	\textsc
           {2021}	& Banco de España Seminar Series, \faMapMarker \hspace{0....
I've put in what seems to be necessary to fix
the current column of the current alignment.
Try to go on, since this might almost work.

! Extra }, or forgotten $.
<inserted text> }
 
l.17 	\textsc
           {2021}	& Banco de España Seminar Series, \faMapMarker \hspace{0....
I've deleted a group-closing symbol because it seems to be
spurious, as in `$x}$'. But perhaps the } is legitimate and
you forgot something else, as in `\hbox{$x}'. In such cases
the way to recover is to insert both the forgotten and the
deleted material, e.g., by typing `I$}'.

! Missing } inserted.
<inserted text> 
}
l.17 	\textsc
           {2021}	& Banco de España Seminar Series, \faMapMarker \hspace{0....
I've put in what seems to be necessary to fix
the current column of the current alignment.
Try to go on, since this might almost work.

! Extra }, or forgotten $.
<inserted text> }
 
l.17 	\textsc
           {2021}	& Banco de España Seminar Series, \faMapMarker \hspace{0....
I've deleted a group-closing symbol because it seems to be
spurious, as in `$x}$'. But perhaps the } is legitimate and
you forgot something else, as in `\hbox{$x}'. In such cases
the way to recover is to insert both the forgotten and the
deleted material, e.g., by typing `I$}'.

! Missing } inserted.
<inserted text> 
}
l.17 	\textsc
           {2021}	& Banco de España Seminar Series, \faMapMarker \hspace{0....
I've put in what seems to be necessary to fix
the current column of the current alignment.
Try to go on, since this might almost work.

! Extra }, or forgotten $.
<inserted text> }
 
l.17 	\textsc
           {2021}	& Banco de España Seminar Series, \faMapMarker \hspace{0....
I've deleted a group-closing symbol because it seems to be
spurious, as in `$x}$'. But perhaps the } is legitimate and
you forgot something else, as in `\hbox{$x}'. In such cases
the way to recover is to insert both the forgotten and the
deleted material, e.g., by typing `I$}'.

! Missing } inserted.
<inserted text> 
}
l.17 	\textsc
           {2021}	& Banco de España Seminar Series, \faMapMarker \hspace{0....
I've put in what seems to be necessary to fix
the current column of the current alignment.
Try to go on, since this might almost work.

! Extra }, or forgotten $.
<inserted text> }
 
l.17 	\textsc
           {2021}	& Banco de España Seminar Series, \faMapMarker \hspace{0....
I've deleted a group-closing symbol because it seems to be
spurious, as in `$x}$'. But perhaps the } is legitimate and
you forgot something else, as in `\hbox{$x}'. In such cases
the way to recover is to insert both the forgotten and the
deleted material, e.g., by typing `I$}'.

! Missing } inserted.
<inserted text> 
}
l.17 	\textsc
           {2021}	& Banco de España Seminar Series, \faMapMarker \hspace{0....
I've put in what seems to be necessary to fix
the current column of the current alignment.
Try to go on, since this might almost work.

! Extra }, or forgotten $.
<inserted text> }
 
l.17 	\textsc
           {2021}	& Banco de España Seminar Series, \faMapMarker \hspace{0....
I've deleted a group-closing symbol because it seems to be
spurious, as in `$x}$'. But perhaps the } is legitimate and
you forgot something else, as in `\hbox{$x}'. In such cases
the way to recover is to insert both the forgotten and the
deleted material, e.g., by typing `I$}'.

! Missing } inserted.
<inserted text> 
}
l.17 	\textsc
           {2021}	& Banco de España Seminar Series, \faMapMarker \hspace{0....
I've put in what seems to be necessary to fix
the current column of the current alignment.
Try to go on, since this might almost work.

! Extra }, or forgotten $.
<inserted text> }
 
l.17 	\textsc
           {2021}	& Banco de España Seminar Series, \faMapMarker \hspace{0....
I've deleted a group-closing symbol because it seems to be
spurious, as in `$x}$'. But perhaps the } is legitimate and
you forgot something else, as in `\hbox{$x}'. In such cases
the way to recover is to insert both the forgotten and the
deleted material, e.g., by typing `I$}'.

! Missing } inserted.
<inserted text> 
}
l.17 	\textsc
           {2021}	& Banco de España Seminar Series, \faMapMarker \hspace{0....
I've put in what seems to be necessary to fix
the current column of the current alignment.
Try to go on, since this might almost work.

! Extra }, or forgotten $.
<inserted text> }
 
l.17 	\textsc
           {2021}	& Banco de España Seminar Series, \faMapMarker \hspace{0....
I've deleted a group-closing symbol because it seems to be
spurious, as in `$x}$'. But perhaps the } is legitimate and
you forgot something else, as in `\hbox{$x}'. In such cases
the way to recover is to insert both the forgotten and the
deleted material, e.g., by typing `I$}'.

! Missing } inserted.
<inserted text> 
}
l.17 	\textsc
           {2021}	& Banco de España Seminar Series, \faMapMarker \hspace{0....
I've put in what seems to be necessary to fix
the current column of the current alignment.
Try to go on, since this might almost work.

! Extra }, or forgotten $.
<inserted text> }
 
l.17 	\textsc
           {2021}	& Banco de España Seminar Series, \faMapMarker \hspace{0....
I've deleted a group-closing symbol because it seems to be
spurious, as in `$x}$'. But perhaps the } is legitimate and
you forgot something else, as in `\hbox{$x}'. In such cases
the way to recover is to insert both the forgotten and the
deleted material, e.g., by typing `I$}'.

! Missing } inserted.
<inserted text> 
}
l.17 	\textsc
           {2021}	& Banco de España Seminar Series, \faMapMarker \hspace{0....
I've put in what seems to be necessary to fix
the current column of the current alignment.
Try to go on, since this might almost work.

! Extra }, or forgotten $.
<inserted text> }
 
l.17 	\textsc
           {2021}	& Banco de España Seminar Series, \faMapMarker \hspace{0....
I've deleted a group-closing symbol because it seems to be
spurious, as in `$x}$'. But perhaps the } is legitimate and
you forgot something else, as in `\hbox{$x}'. In such cases
the way to recover is to insert both the forgotten and the
deleted material, e.g., by typing `I$}'.

! Missing } inserted.
<inserted text> 
}
l.17 	\textsc
           {2021}	& Banco de España Seminar Series, \faMapMarker \hspace{0....
I've put in what seems to be necessary to fix
the current column of the current alignment.
Try to go on, since this might almost work.

! Extra }, or forgotten $.
<inserted text> }
 
l.17 	\textsc
           {2021}	& Banco de España Seminar Series, \faMapMarker \hspace{0....
I've deleted a group-closing symbol because it seems to be
spurious, as in `$x}$'. But perhaps the } is legitimate and
you forgot something else, as in `\hbox{$x}'. In such cases
the way to recover is to insert both the forgotten and the
deleted material, e.g., by typing `I$}'.

! Missing } inserted.
<inserted text> 
}
l.17 	\textsc
           {2021}	& Banco de España Seminar Series, \faMapMarker \hspace{0....
I've put in what seems to be necessary to fix
the current column of the current alignment.
Try to go on, since this might almost work.

! Extra }, or forgotten $.
<inserted text> }
 
l.17 	\textsc
           {2021}	& Banco de España Seminar Series, \faMapMarker \hspace{0....
I've deleted a group-closing symbol because it seems to be
spurious, as in `$x}$'. But perhaps the } is legitimate and
you forgot something else, as in `\hbox{$x}'. In such cases
the way to recover is to insert both the forgotten and the
deleted material, e.g., by typing `I$}'.

! Missing } inserted.
<inserted text> 
}
l.17 	\textsc
           {2021}	& Banco de España Seminar Series, \faMapMarker \hspace{0....
I've put in what seems to be necessary to fix
the current column of the current alignment.
Try to go on, since this might almost work.

! Extra }, or forgotten $.
<inserted text> }
 
l.17 	\textsc
           {2021}	& Banco de España Seminar Series, \faMapMarker \hspace{0....
I've deleted a group-closing symbol because it seems to be
spurious, as in `$x}$'. But perhaps the } is legitimate and
you forgot something else, as in `\hbox{$x}'. In such cases
the way to recover is to insert both the forgotten and the
deleted material, e.g., by typing `I$}'.

! Missing } inserted.
<inserted text> 
}
l.17 	\textsc
           {2021}	& Banco de España Seminar Series, \faMapMarker \hspace{0....
I've put in what seems to be necessary to fix
the current column of the current alignment.
Try to go on, since this might almost work.

! Extra }, or forgotten $.
<inserted text> }
 
l.17 	\textsc
           {2021}	& Banco de España Seminar Series, \faMapMarker \hspace{0....
I've deleted a group-closing symbol because it seems to be
spurious, as in `$x}$'. But perhaps the } is legitimate and
you forgot something else, as in `\hbox{$x}'. In such cases
the way to recover is to insert both the forgotten and the
deleted material, e.g., by typing `I$}'.

! Missing } inserted.
<inserted text> 
}
l.17 	\textsc
           {2021}	& Banco de España Seminar Series, \faMapMarker \hspace{0....
I've put in what seems to be necessary to fix
the current column of the current alignment.
Try to go on, since this might almost work.

! Extra }, or forgotten $.
<inserted text> }
 
l.17 	\textsc
           {2021}	& Banco de España Seminar Series, \faMapMarker \hspace{0....
I've deleted a group-closing symbol because it seems to be
spurious, as in `$x}$'. But perhaps the } is legitimate and
you forgot something else, as in `\hbox{$x}'. In such cases
the way to recover is to insert both the forgotten and the
deleted material, e.g., by typing `I$}'.

! Missing } inserted.
<inserted text> 
}
l.17 	\textsc
           {2021}	& Banco de España Seminar Series, \faMapMarker \hspace{0....
I've put in what seems to be necessary to fix
the current column of the current alignment.
Try to go on, since this might almost work.

! Extra }, or forgotten $.
<inserted text> }
 
l.17 	\textsc
           {2021}	& Banco de España Seminar Series, \faMapMarker \hspace{0....
I've deleted a group-closing symbol because it seems to be
spurious, as in `$x}$'. But perhaps the } is legitimate and
you forgot something else, as in `\hbox{$x}'. In such cases
the way to recover is to insert both the forgotten and the
deleted material, e.g., by typing `I$}'.

! Missing } inserted.
<inserted text> 
}
l.17 	\textsc
           {2021}	& Banco de España Seminar Series, \faMapMarker \hspace{0....
I've put in what seems to be necessary to fix
the current column of the current alignment.
Try to go on, since this might almost work.

! Extra }, or forgotten $.
<inserted text> }
 
l.17 	\textsc
           {2021}	& Banco de España Seminar Series, \faMapMarker \hspace{0....
I've deleted a group-closing symbol because it seems to be
spurious, as in `$x}$'. But perhaps the } is legitimate and
you forgot something else, as in `\hbox{$x}'. In such cases
the way to recover is to insert both the forgotten and the
deleted material, e.g., by typing `I$}'.

! Missing } inserted.
<inserted text> 
}
l.17 	\textsc
           {2021}	& Banco de España Seminar Series, \faMapMarker \hspace{0....
I've put in what seems to be necessary to fix
the current column of the current alignment.
Try to go on, since this might almost work.

! Extra }, or forgotten $.
<inserted text> }
 
l.17 	\textsc
           {2021}	& Banco de España Seminar Series, \faMapMarker \hspace{0....
I've deleted a group-closing symbol because it seems to be
spurious, as in `$x}$'. But perhaps the } is legitimate and
you forgot something else, as in `\hbox{$x}'. In such cases
the way to recover is to insert both the forgotten and the
deleted material, e.g., by typing `I$}'.

! Missing } inserted.
<inserted text> 
}
l.17 	\textsc
           {2021}	& Banco de España Seminar Series, \faMapMarker \hspace{0....
I've put in what seems to be necessary to fix
the current column of the current alignment.
Try to go on, since this might almost work.

! Extra }, or forgotten $.
<inserted text> }
 
l.17 	\textsc
           {2021}	& Banco de España Seminar Series, \faMapMarker \hspace{0....
I've deleted a group-closing symbol because it seems to be
spurious, as in `$x}$'. But perhaps the } is legitimate and
you forgot something else, as in `\hbox{$x}'. In such cases
the way to recover is to insert both the forgotten and the
deleted material, e.g., by typing `I$}'.

! Missing } inserted.
<inserted text> 
}
l.17 	\textsc
           {2021}	& Banco de España Seminar Series, \faMapMarker \hspace{0....
I've put in what seems to be necessary to fix
the current column of the current alignment.
Try to go on, since this might almost work.

! Extra }, or forgotten $.
<inserted text> }
 
l.17 	\textsc
           {2021}	& Banco de España Seminar Series, \faMapMarker \hspace{0....
I've deleted a group-closing symbol because it seems to be
spurious, as in `$x}$'. But perhaps the } is legitimate and
you forgot something else, as in `\hbox{$x}'. In such cases
the way to recover is to insert both the forgotten and the
deleted material, e.g., by typing `I$}'.

! Missing } inserted.
<inserted text> 
}
l.17 	\textsc
           {2021}	& Banco de España Seminar Series, \faMapMarker \hspace{0....
I've put in what seems to be necessary to fix
the current column of the current alignment.
Try to go on, since this might almost work.

! Extra }, or forgotten $.
<inserted text> }
 
l.17 	\textsc
           {2021}	& Banco de España Seminar Series, \faMapMarker \hspace{0....
I've deleted a group-closing symbol because it seems to be
spurious, as in `$x}$'. But perhaps the } is legitimate and
you forgot something else, as in `\hbox{$x}'. In such cases
the way to recover is to insert both the forgotten and the
deleted material, e.g., by typing `I$}'.

! Missing } inserted.
<inserted text> 
}
l.17 	\textsc
           {2021}	& Banco de España Seminar Series, \faMapMarker \hspace{0....
I've put in what seems to be necessary to fix
the current column of the current alignment.
Try to go on, since this might almost work.

! Extra }, or forgotten $.
<inserted text> }
 
l.17 	\textsc
           {2021}	& Banco de España Seminar Series, \faMapMarker \hspace{0....
(That makes 100 errors; please try again.)

Here is how much of LuaTeX's memory you used:
 25 strings out of 477794
 100000,383344 words of node,token memory allocated
 2642 words of node memory still in use:
   13 hlist, 2 rule, 2 disc, 4 local_par, 5 dir, 47 glue, 7 kern, 6 penalty, 1 u
nset, 47 noad, 49 math_char, 3 sub_mlist, 151 glyph, 2 align_record, 23 attribut
e, 50 glue_spec, 23 attribute_list, 12 temp, 1 align_stack nodes
   avail lists: 2:3,4:3,5:3,10:2
 20851 multiletter control sequences out of 65536+600000
 26 fonts using 1475623 bytes
 19i,10n,12p,317b,161s stack positions out of 5000i,500n,10000p,200000b,80000s
!  ==> Fatal error occurred, no output PDF file produced!
